<html>
<head>
<title>TestNG:  Test</title>
<link href="../testng.css" rel="stylesheet" type="text/css" />
<link href="../my-testng.css" rel="stylesheet" type="text/css" />

<style type="text/css">
.log { display: none;} 
.stack-trace { display: none;} 
</style>
<script type="text/javascript">
<!--
function flip(e) {
  current = e.style.display;
  if (current == 'block') {
    e.style.display = 'none';
    return 0;
  }
  else {
    e.style.display = 'block';
    return 1;
  }
}

function toggleBox(szDivId, elem, msg1, msg2)
{
  var res = -1;  if (document.getElementById) {
    res = flip(document.getElementById(szDivId));
  }
  else if (document.all) {
    // this is the way old msie versions work
    res = flip(document.all[szDivId]);
  }
  if(elem) {
    if(res == 0) elem.innerHTML = msg1; else elem.innerHTML = msg2;
  }

}

function toggleAllBoxes() {
  if (document.getElementsByTagName) {
    d = document.getElementsByTagName('div');
    for (i = 0; i < d.length; i++) {
      if (d[i].className == 'log') {
        flip(d[i]);
      }
    }
  }
}

// -->
</script>

</head>
<body>
<h2 align='center'>Test</h2><table border='1' align="center">
<tr>
<td>Tests passed/Failed/Skipped:</td><td>23/5/0</td>
</tr><tr>
<td>Started on:</td><td>Tue Jul 29 18:07:29 IST 2025</td>
</tr>
<tr><td>Total time:</td><td>171 seconds (171396 ms)</td>
</tr><tr>
<td>Included groups:</td><td></td>
</tr><tr>
<td>Excluded groups:</td><td></td>
</tr>
</table><p/>
<small><i>(Hover the method name to see the test class name)</i></small><p/>
<table width='100%' border='1' class='invocation-failed'>
<tr><td colspan='4' align='center'><b>FAILED TESTS</b></td></tr>
<tr><td><b>Test method</b></td>
<td><b>Attribute(s)</b></td>
<td width="30%"><b>Exception</b></td>
<td width="10%"><b>Time (seconds)</b></td>
<td><b>Instance</b></td>
</tr>
<tr>
<td title='tests.TransferFundsTest.TC025_verifySuccessfulFundTransfer()'><b>TC025_verifySuccessfulFundTransfer</b><br>Test class: tests.TransferFundsTest</td>
<td><div><pre>java.lang.AssertionError: Transfer failed or confirmation message incorrect. expected [true] but found [false]
	at tests.TransferFundsTest.TC025_verifySuccessfulFundTransfer(TransferFundsTest.java:56)
	at java.base/java.util.ArrayList.forEach(ArrayList.java:1604)
... Removed 28 stack frames</pre></div><a href='#' onClick='toggleBox("stack-trace847372226", this, "Click to show all stack frames", "Click to hide stack frames")'>Click to show all stack frames</a>
<div class='stack-trace' id='stack-trace847372226'><pre>java.lang.AssertionError: Transfer failed or confirmation message incorrect. expected [true] but found [false]
	at org.testng.Assert.fail(Assert.java:111)
	at org.testng.Assert.failNotEquals(Assert.java:1590)
	at org.testng.Assert.assertTrue(Assert.java:57)
	at tests.TransferFundsTest.TC025_verifySuccessfulFundTransfer(TransferFundsTest.java:56)
	at java.base/jdk.internal.reflect.DirectMethodHandleAccessor.invoke(DirectMethodHandleAccessor.java:104)
	at java.base/java.lang.reflect.Method.invoke(Method.java:565)
	at org.testng.internal.invokers.MethodInvocationHelper.invokeMethod(MethodInvocationHelper.java:141)
	at org.testng.internal.invokers.TestInvoker.invokeMethod(TestInvoker.java:687)
	at org.testng.internal.invokers.TestInvoker.invokeTestMethod(TestInvoker.java:230)
	at org.testng.internal.invokers.MethodRunner.runInSequence(MethodRunner.java:63)
	at org.testng.internal.invokers.TestInvoker$MethodInvocationAgent.invoke(TestInvoker.java:995)
	at org.testng.internal.invokers.TestInvoker.invokeTestMethods(TestInvoker.java:203)
	at org.testng.internal.invokers.TestMethodWorker.invokeTestMethods(TestMethodWorker.java:154)
	at org.testng.internal.invokers.TestMethodWorker.run(TestMethodWorker.java:134)
	at java.base/java.util.ArrayList.forEach(ArrayList.java:1604)
	at org.testng.TestRunner.privateRun(TestRunner.java:741)
	at org.testng.TestRunner.run(TestRunner.java:616)
	at org.testng.SuiteRunner.runTest(SuiteRunner.java:421)
	at org.testng.SuiteRunner.runSequentially(SuiteRunner.java:413)
	at org.testng.SuiteRunner.privateRun(SuiteRunner.java:373)
	at org.testng.SuiteRunner.run(SuiteRunner.java:312)
	at org.testng.SuiteRunnerWorker.runSuite(SuiteRunnerWorker.java:52)
	at org.testng.SuiteRunnerWorker.run(SuiteRunnerWorker.java:95)
	at org.testng.TestNG.runSuitesSequentially(TestNG.java:1274)
	at org.testng.TestNG.runSuitesLocally(TestNG.java:1208)
	at org.testng.TestNG.runSuites(TestNG.java:1112)
	at org.testng.TestNG.run(TestNG.java:1079)
	at org.testng.remote.AbstractRemoteTestNG.run(AbstractRemoteTestNG.java:115)
	at org.testng.remote.RemoteTestNG.initAndRun(RemoteTestNG.java:293)
	at org.testng.remote.RemoteTestNG.main(RemoteTestNG.java:91)
</pre></div></td>
<td>0</td>
<td>tests.TransferFundsTest@7b98f307</td></tr>
<tr>
<td title='tests.OpenAccountTest.TC017_openSavingsAccount()'><b>TC017_openSavingsAccount</b><br>Test class: tests.OpenAccountTest</td>
<td><div><pre>org.openqa.selenium.NoSuchElementException: Cannot locate option with text: 19893
For documentation on this error, please visit: https://www.selenium.dev/documentation/webdriver/troubleshooting/errors#no-such-element-exception
Build info: version: &apos;4.12.1&apos;, revision: &apos;8e34639b11&apos;
System info: os.name: &apos;Mac OS X&apos;, os.arch: &apos;aarch64&apos;, os.version: &apos;15.5&apos;, java.version: &apos;24.0.1&apos;
Driver info: driver.version: unknown
	at org.openqa.selenium.support.ui.Select.selectByVisibleText(Select.java:153)
	at pages.OpenAccountPage.selectFromAccount(OpenAccountPage.java:46)
	at tests.OpenAccountTest.TC017_openSavingsAccount(OpenAccountTest.java:26)
	at java.base/java.util.ArrayList.forEach(ArrayList.java:1604)
... Removed 25 stack frames</pre></div><a href='#' onClick='toggleBox("stack-trace2140650516", this, "Click to show all stack frames", "Click to hide stack frames")'>Click to show all stack frames</a>
<div class='stack-trace' id='stack-trace2140650516'><pre>org.openqa.selenium.NoSuchElementException: Cannot locate option with text: 19893
For documentation on this error, please visit: https://www.selenium.dev/documentation/webdriver/troubleshooting/errors#no-such-element-exception
Build info: version: &apos;4.12.1&apos;, revision: &apos;8e34639b11&apos;
System info: os.name: &apos;Mac OS X&apos;, os.arch: &apos;aarch64&apos;, os.version: &apos;15.5&apos;, java.version: &apos;24.0.1&apos;
Driver info: driver.version: unknown
	at org.openqa.selenium.support.ui.Select.selectByVisibleText(Select.java:153)
	at pages.OpenAccountPage.selectFromAccount(OpenAccountPage.java:46)
	at tests.OpenAccountTest.TC017_openSavingsAccount(OpenAccountTest.java:26)
	at java.base/jdk.internal.reflect.DirectMethodHandleAccessor.invoke(DirectMethodHandleAccessor.java:104)
	at java.base/java.lang.reflect.Method.invoke(Method.java:565)
	at org.testng.internal.invokers.MethodInvocationHelper.invokeMethod(MethodInvocationHelper.java:141)
	at org.testng.internal.invokers.TestInvoker.invokeMethod(TestInvoker.java:687)
	at org.testng.internal.invokers.TestInvoker.invokeTestMethod(TestInvoker.java:230)
	at org.testng.internal.invokers.MethodRunner.runInSequence(MethodRunner.java:63)
	at org.testng.internal.invokers.TestInvoker$MethodInvocationAgent.invoke(TestInvoker.java:995)
	at org.testng.internal.invokers.TestInvoker.invokeTestMethods(TestInvoker.java:203)
	at org.testng.internal.invokers.TestMethodWorker.invokeTestMethods(TestMethodWorker.java:154)
	at org.testng.internal.invokers.TestMethodWorker.run(TestMethodWorker.java:134)
	at java.base/java.util.ArrayList.forEach(ArrayList.java:1604)
	at org.testng.TestRunner.privateRun(TestRunner.java:741)
	at org.testng.TestRunner.run(TestRunner.java:616)
	at org.testng.SuiteRunner.runTest(SuiteRunner.java:421)
	at org.testng.SuiteRunner.runSequentially(SuiteRunner.java:413)
	at org.testng.SuiteRunner.privateRun(SuiteRunner.java:373)
	at org.testng.SuiteRunner.run(SuiteRunner.java:312)
	at org.testng.SuiteRunnerWorker.runSuite(SuiteRunnerWorker.java:52)
	at org.testng.SuiteRunnerWorker.run(SuiteRunnerWorker.java:95)
	at org.testng.TestNG.runSuitesSequentially(TestNG.java:1274)
	at org.testng.TestNG.runSuitesLocally(TestNG.java:1208)
	at org.testng.TestNG.runSuites(TestNG.java:1112)
	at org.testng.TestNG.run(TestNG.java:1079)
	at org.testng.remote.AbstractRemoteTestNG.run(AbstractRemoteTestNG.java:115)
	at org.testng.remote.RemoteTestNG.initAndRun(RemoteTestNG.java:293)
	at org.testng.remote.RemoteTestNG.main(RemoteTestNG.java:91)
</pre></div></td>
<td>5</td>
<td>tests.OpenAccountTest@5b7a5baa</td></tr>
<tr>
<td title='tests.OpenAccountTest.TC019_verifyAccountNumberDisplayed()'><b>TC019_verifyAccountNumberDisplayed</b><br>Test class: tests.OpenAccountTest</td>
<td><div><pre>org.openqa.selenium.NoSuchElementException: Cannot locate option with text: 19893
For documentation on this error, please visit: https://www.selenium.dev/documentation/webdriver/troubleshooting/errors#no-such-element-exception
Build info: version: &apos;4.12.1&apos;, revision: &apos;8e34639b11&apos;
System info: os.name: &apos;Mac OS X&apos;, os.arch: &apos;aarch64&apos;, os.version: &apos;15.5&apos;, java.version: &apos;24.0.1&apos;
Driver info: driver.version: unknown
	at org.openqa.selenium.support.ui.Select.selectByVisibleText(Select.java:153)
	at pages.OpenAccountPage.selectFromAccount(OpenAccountPage.java:46)
	at tests.OpenAccountTest.TC019_verifyAccountNumberDisplayed(OpenAccountTest.java:61)
	at java.base/java.util.ArrayList.forEach(ArrayList.java:1604)
... Removed 25 stack frames</pre></div><a href='#' onClick='toggleBox("stack-trace1923626523", this, "Click to show all stack frames", "Click to hide stack frames")'>Click to show all stack frames</a>
<div class='stack-trace' id='stack-trace1923626523'><pre>org.openqa.selenium.NoSuchElementException: Cannot locate option with text: 19893
For documentation on this error, please visit: https://www.selenium.dev/documentation/webdriver/troubleshooting/errors#no-such-element-exception
Build info: version: &apos;4.12.1&apos;, revision: &apos;8e34639b11&apos;
System info: os.name: &apos;Mac OS X&apos;, os.arch: &apos;aarch64&apos;, os.version: &apos;15.5&apos;, java.version: &apos;24.0.1&apos;
Driver info: driver.version: unknown
	at org.openqa.selenium.support.ui.Select.selectByVisibleText(Select.java:153)
	at pages.OpenAccountPage.selectFromAccount(OpenAccountPage.java:46)
	at tests.OpenAccountTest.TC019_verifyAccountNumberDisplayed(OpenAccountTest.java:61)
	at java.base/jdk.internal.reflect.DirectMethodHandleAccessor.invoke(DirectMethodHandleAccessor.java:104)
	at java.base/java.lang.reflect.Method.invoke(Method.java:565)
	at org.testng.internal.invokers.MethodInvocationHelper.invokeMethod(MethodInvocationHelper.java:141)
	at org.testng.internal.invokers.TestInvoker.invokeMethod(TestInvoker.java:687)
	at org.testng.internal.invokers.TestInvoker.invokeTestMethod(TestInvoker.java:230)
	at org.testng.internal.invokers.MethodRunner.runInSequence(MethodRunner.java:63)
	at org.testng.internal.invokers.TestInvoker$MethodInvocationAgent.invoke(TestInvoker.java:995)
	at org.testng.internal.invokers.TestInvoker.invokeTestMethods(TestInvoker.java:203)
	at org.testng.internal.invokers.TestMethodWorker.invokeTestMethods(TestMethodWorker.java:154)
	at org.testng.internal.invokers.TestMethodWorker.run(TestMethodWorker.java:134)
	at java.base/java.util.ArrayList.forEach(ArrayList.java:1604)
	at org.testng.TestRunner.privateRun(TestRunner.java:741)
	at org.testng.TestRunner.run(TestRunner.java:616)
	at org.testng.SuiteRunner.runTest(SuiteRunner.java:421)
	at org.testng.SuiteRunner.runSequentially(SuiteRunner.java:413)
	at org.testng.SuiteRunner.privateRun(SuiteRunner.java:373)
	at org.testng.SuiteRunner.run(SuiteRunner.java:312)
	at org.testng.SuiteRunnerWorker.runSuite(SuiteRunnerWorker.java:52)
	at org.testng.SuiteRunnerWorker.run(SuiteRunnerWorker.java:95)
	at org.testng.TestNG.runSuitesSequentially(TestNG.java:1274)
	at org.testng.TestNG.runSuitesLocally(TestNG.java:1208)
	at org.testng.TestNG.runSuites(TestNG.java:1112)
	at org.testng.TestNG.run(TestNG.java:1079)
	at org.testng.remote.AbstractRemoteTestNG.run(AbstractRemoteTestNG.java:115)
	at org.testng.remote.RemoteTestNG.initAndRun(RemoteTestNG.java:293)
	at org.testng.remote.RemoteTestNG.main(RemoteTestNG.java:91)
</pre></div></td>
<td>5</td>
<td>tests.OpenAccountTest@5b7a5baa</td></tr>
<tr>
<td title='tests.RegisterTest.TC013_registerWithValidDetails()'><b>TC013_registerWithValidDetails</b><br>Test class: tests.RegisterTest</td>
<td><div><pre>java.lang.AssertionError: Registration failed or message not found. expected [true] but found [false]
	at tests.RegisterTest.TC013_registerWithValidDetails(RegisterTest.java:37)
	at java.base/java.util.ArrayList.forEach(ArrayList.java:1604)
... Removed 28 stack frames</pre></div><a href='#' onClick='toggleBox("stack-trace939665240", this, "Click to show all stack frames", "Click to hide stack frames")'>Click to show all stack frames</a>
<div class='stack-trace' id='stack-trace939665240'><pre>java.lang.AssertionError: Registration failed or message not found. expected [true] but found [false]
	at org.testng.Assert.fail(Assert.java:111)
	at org.testng.Assert.failNotEquals(Assert.java:1590)
	at org.testng.Assert.assertTrue(Assert.java:57)
	at tests.RegisterTest.TC013_registerWithValidDetails(RegisterTest.java:37)
	at java.base/jdk.internal.reflect.DirectMethodHandleAccessor.invoke(DirectMethodHandleAccessor.java:104)
	at java.base/java.lang.reflect.Method.invoke(Method.java:565)
	at org.testng.internal.invokers.MethodInvocationHelper.invokeMethod(MethodInvocationHelper.java:141)
	at org.testng.internal.invokers.TestInvoker.invokeMethod(TestInvoker.java:687)
	at org.testng.internal.invokers.TestInvoker.invokeTestMethod(TestInvoker.java:230)
	at org.testng.internal.invokers.MethodRunner.runInSequence(MethodRunner.java:63)
	at org.testng.internal.invokers.TestInvoker$MethodInvocationAgent.invoke(TestInvoker.java:995)
	at org.testng.internal.invokers.TestInvoker.invokeTestMethods(TestInvoker.java:203)
	at org.testng.internal.invokers.TestMethodWorker.invokeTestMethods(TestMethodWorker.java:154)
	at org.testng.internal.invokers.TestMethodWorker.run(TestMethodWorker.java:134)
	at java.base/java.util.ArrayList.forEach(ArrayList.java:1604)
	at org.testng.TestRunner.privateRun(TestRunner.java:741)
	at org.testng.TestRunner.run(TestRunner.java:616)
	at org.testng.SuiteRunner.runTest(SuiteRunner.java:421)
	at org.testng.SuiteRunner.runSequentially(SuiteRunner.java:413)
	at org.testng.SuiteRunner.privateRun(SuiteRunner.java:373)
	at org.testng.SuiteRunner.run(SuiteRunner.java:312)
	at org.testng.SuiteRunnerWorker.runSuite(SuiteRunnerWorker.java:52)
	at org.testng.SuiteRunnerWorker.run(SuiteRunnerWorker.java:95)
	at org.testng.TestNG.runSuitesSequentially(TestNG.java:1274)
	at org.testng.TestNG.runSuitesLocally(TestNG.java:1208)
	at org.testng.TestNG.runSuites(TestNG.java:1112)
	at org.testng.TestNG.run(TestNG.java:1079)
	at org.testng.remote.AbstractRemoteTestNG.run(AbstractRemoteTestNG.java:115)
	at org.testng.remote.RemoteTestNG.initAndRun(RemoteTestNG.java:293)
	at org.testng.remote.RemoteTestNG.main(RemoteTestNG.java:91)
</pre></div></td>
<td>3</td>
<td>tests.RegisterTest@776aec5c</td></tr>
<tr>
<td title='tests.OpenAccountTest.TC018_openCheckingAccount()'><b>TC018_openCheckingAccount</b><br>Test class: tests.OpenAccountTest</td>
<td><div><pre>org.openqa.selenium.NoSuchElementException: Cannot locate option with text: 19893
For documentation on this error, please visit: https://www.selenium.dev/documentation/webdriver/troubleshooting/errors#no-such-element-exception
Build info: version: &apos;4.12.1&apos;, revision: &apos;8e34639b11&apos;
System info: os.name: &apos;Mac OS X&apos;, os.arch: &apos;aarch64&apos;, os.version: &apos;15.5&apos;, java.version: &apos;24.0.1&apos;
Driver info: driver.version: unknown
	at org.openqa.selenium.support.ui.Select.selectByVisibleText(Select.java:153)
	at pages.OpenAccountPage.selectFromAccount(OpenAccountPage.java:46)
	at tests.OpenAccountTest.TC018_openCheckingAccount(OpenAccountTest.java:44)
	at java.base/java.util.ArrayList.forEach(ArrayList.java:1604)
... Removed 25 stack frames</pre></div><a href='#' onClick='toggleBox("stack-trace1248079435", this, "Click to show all stack frames", "Click to hide stack frames")'>Click to show all stack frames</a>
<div class='stack-trace' id='stack-trace1248079435'><pre>org.openqa.selenium.NoSuchElementException: Cannot locate option with text: 19893
For documentation on this error, please visit: https://www.selenium.dev/documentation/webdriver/troubleshooting/errors#no-such-element-exception
Build info: version: &apos;4.12.1&apos;, revision: &apos;8e34639b11&apos;
System info: os.name: &apos;Mac OS X&apos;, os.arch: &apos;aarch64&apos;, os.version: &apos;15.5&apos;, java.version: &apos;24.0.1&apos;
Driver info: driver.version: unknown
	at org.openqa.selenium.support.ui.Select.selectByVisibleText(Select.java:153)
	at pages.OpenAccountPage.selectFromAccount(OpenAccountPage.java:46)
	at tests.OpenAccountTest.TC018_openCheckingAccount(OpenAccountTest.java:44)
	at java.base/jdk.internal.reflect.DirectMethodHandleAccessor.invoke(DirectMethodHandleAccessor.java:104)
	at java.base/java.lang.reflect.Method.invoke(Method.java:565)
	at org.testng.internal.invokers.MethodInvocationHelper.invokeMethod(MethodInvocationHelper.java:141)
	at org.testng.internal.invokers.TestInvoker.invokeMethod(TestInvoker.java:687)
	at org.testng.internal.invokers.TestInvoker.invokeTestMethod(TestInvoker.java:230)
	at org.testng.internal.invokers.MethodRunner.runInSequence(MethodRunner.java:63)
	at org.testng.internal.invokers.TestInvoker$MethodInvocationAgent.invoke(TestInvoker.java:995)
	at org.testng.internal.invokers.TestInvoker.invokeTestMethods(TestInvoker.java:203)
	at org.testng.internal.invokers.TestMethodWorker.invokeTestMethods(TestMethodWorker.java:154)
	at org.testng.internal.invokers.TestMethodWorker.run(TestMethodWorker.java:134)
	at java.base/java.util.ArrayList.forEach(ArrayList.java:1604)
	at org.testng.TestRunner.privateRun(TestRunner.java:741)
	at org.testng.TestRunner.run(TestRunner.java:616)
	at org.testng.SuiteRunner.runTest(SuiteRunner.java:421)
	at org.testng.SuiteRunner.runSequentially(SuiteRunner.java:413)
	at org.testng.SuiteRunner.privateRun(SuiteRunner.java:373)
	at org.testng.SuiteRunner.run(SuiteRunner.java:312)
	at org.testng.SuiteRunnerWorker.runSuite(SuiteRunnerWorker.java:52)
	at org.testng.SuiteRunnerWorker.run(SuiteRunnerWorker.java:95)
	at org.testng.TestNG.runSuitesSequentially(TestNG.java:1274)
	at org.testng.TestNG.runSuitesLocally(TestNG.java:1208)
	at org.testng.TestNG.runSuites(TestNG.java:1112)
	at org.testng.TestNG.run(TestNG.java:1079)
	at org.testng.remote.AbstractRemoteTestNG.run(AbstractRemoteTestNG.java:115)
	at org.testng.remote.RemoteTestNG.initAndRun(RemoteTestNG.java:293)
	at org.testng.remote.RemoteTestNG.main(RemoteTestNG.java:91)
</pre></div></td>
<td>3</td>
<td>tests.OpenAccountTest@5b7a5baa</td></tr>
</table><p>
<table width='100%' border='1' class='invocation-passed'>
<tr><td colspan='4' align='center'><b>PASSED TESTS</b></td></tr>
<tr><td><b>Test method</b></td>
<td><b>Attribute(s)</b></td>
<td width="30%"><b>Exception</b></td>
<td width="10%"><b>Time (seconds)</b></td>
<td><b>Instance</b></td>
</tr>
<tr>
<td title='tests.LoginTest.blankCredentialsTest()'><b>blankCredentialsTest</b><br>Test class: tests.LoginTest</td>
<td></td>
<td>0</td>
<td>tests.LoginTest@1d296da</td></tr>
<tr>
<td title='tests.BillPayTest.TC026_verifyBillPayPageLoads()'><b>TC026_verifyBillPayPageLoads</b><br>Test class: tests.BillPayTest</td>
<td></td>
<td>0</td>
<td>tests.BillPayTest@408d971b</td></tr>
<tr>
<td title='tests.FooterLinkTest.openServicesLinkInNewTab_TC010()'><b>openServicesLinkInNewTab_TC010</b><br>Test class: tests.FooterLinkTest</td>
<td></td>
<td>0</td>
<td>tests.FooterLinkTest@557caf28</td></tr>
<tr>
<td title='tests.BillPayTest.TC027_submitValidBillPayment()'><b>TC027_submitValidBillPayment</b><br>Test class: tests.BillPayTest</td>
<td></td>
<td>0</td>
<td>tests.BillPayTest@408d971b</td></tr>
<tr>
<td title='tests.CustomeCareTest.TC020_submitWithoutMandatoryFields()'><b>TC020_submitWithoutMandatoryFields</b><br>Test class: tests.CustomeCareTest</td>
<td></td>
<td>6</td>
<td>tests.CustomeCareTest@6cf0e0ba</td></tr>
<tr>
<td title='tests.AccountOverviewTest.TC022_verifyAccountNumbersDisplayed()'><b>TC022_verifyAccountNumbersDisplayed</b><br>Test class: tests.AccountOverviewTest</td>
<td></td>
<td>5</td>
<td>tests.AccountOverviewTest@75d4a5c2</td></tr>
<tr>
<td title='tests.CustomeCareTest.TC018_verifyCustomerCareNavigation()'><b>TC018_verifyCustomerCareNavigation</b><br>Test class: tests.CustomeCareTest</td>
<td></td>
<td>1</td>
<td>tests.CustomeCareTest@6cf0e0ba</td></tr>
<tr>
<td title='tests.DemoTest.verifyLaunch()'><b>verifyLaunch</b><br>Test class: tests.DemoTest</td>
<td></td>
<td>1</td>
<td>tests.DemoTest@5bf0d49</td></tr>
<tr>
<td title='tests.LoginTest.InvalidLoginTest()'><b>InvalidLoginTest</b><br>Test class: tests.LoginTest</td>
<td></td>
<td>3</td>
<td>tests.LoginTest@1d296da</td></tr>
<tr>
<td title='tests.ForgotLogin.validForgotLoginInfoTest_TC005()'><b>validForgotLoginInfoTest_TC005</b><br>Test class: tests.ForgotLogin</td>
<td></td>
<td>0</td>
<td>tests.ForgotLogin@7c7a06ec</td></tr>
<tr>
<td title='tests.TransferFundsTest.TC024_verifyTransferFundsPageLoads()'><b>TC024_verifyTransferFundsPageLoads</b><br>Test class: tests.TransferFundsTest</td>
<td></td>
<td>0</td>
<td>tests.TransferFundsTest@7b98f307</td></tr>
<tr>
<td title='tests.CustomeCareTest.TC019_submitValidCustomerCareForm()'><b>TC019_submitValidCustomerCareForm</b><br>Test class: tests.CustomeCareTest</td>
<td></td>
<td>3</td>
<td>tests.CustomeCareTest@6cf0e0ba</td></tr>
<tr>
<td title='tests.RegisterTest.TC014_registerWithMissingFields()'><b>TC014_registerWithMissingFields</b><br>Test class: tests.RegisterTest</td>
<td></td>
<td>3</td>
<td>tests.RegisterTest@776aec5c</td></tr>
<tr>
<td title='tests.RegisterTest.TC015_registerWithPasswordMismatch()'><b>TC015_registerWithPasswordMismatch</b><br>Test class: tests.RegisterTest</td>
<td></td>
<td>1</td>
<td>tests.RegisterTest@776aec5c</td></tr>
<tr>
<td title='tests.ForgotLogin.missingFieldsForgotLoginInfoTest_TC006()'><b>missingFieldsForgotLoginInfoTest_TC006</b><br>Test class: tests.ForgotLogin</td>
<td></td>
<td>0</td>
<td>tests.ForgotLogin@7c7a06ec</td></tr>
<tr>
<td title='tests.OpenAccountTest.TC020_negativeOpenAccountWithoutFromAccount()'><b>TC020_negativeOpenAccountWithoutFromAccount</b><br>Test class: tests.OpenAccountTest</td>
<td></td>
<td>12</td>
<td>tests.OpenAccountTest@5b7a5baa</td></tr>
<tr>
<td title='tests.LoginTest.invalidPasswordTest()'><b>invalidPasswordTest</b><br>Test class: tests.LoginTest</td>
<td></td>
<td>1</td>
<td>tests.LoginTest@1d296da</td></tr>
<tr>
<td title='tests.ForgotLogin.incorrectSSNForgotLoginInfoTest_TC007()'><b>incorrectSSNForgotLoginInfoTest_TC007</b><br>Test class: tests.ForgotLogin</td>
<td></td>
<td>1</td>
<td>tests.ForgotLogin@7c7a06ec</td></tr>
<tr>
<td title='tests.FooterLinkTest.openAboutUsLinkInNewTab_TC009()'><b>openAboutUsLinkInNewTab_TC009</b><br>Test class: tests.FooterLinkTest</td>
<td></td>
<td>2</td>
<td>tests.FooterLinkTest@557caf28</td></tr>
<tr>
<td title='tests.BillPayTest.TC028_submitWithMismatchedAccountNumbers()'><b>TC028_submitWithMismatchedAccountNumbers</b><br>Test class: tests.BillPayTest</td>
<td></td>
<td>0</td>
<td>tests.BillPayTest@408d971b</td></tr>
<tr>
<td title='tests.LoginTest.validLoginTest()'><b>validLoginTest</b><br>Test class: tests.LoginTest</td>
<td></td>
<td>1</td>
<td>tests.LoginTest@1d296da</td></tr>
<tr>
<td title='tests.AccountOverviewTest.TC021_viewAccountsOverviewSuccessfully()'><b>TC021_viewAccountsOverviewSuccessfully</b><br>Test class: tests.AccountOverviewTest</td>
<td></td>
<td>3</td>
<td>tests.AccountOverviewTest@75d4a5c2</td></tr>
<tr>
<td title='tests.ForgotLogin.navigationToForgotLoginInfo_TC008()'><b>navigationToForgotLoginInfo_TC008</b><br>Test class: tests.ForgotLogin</td>
<td></td>
<td>1</td>
<td>tests.ForgotLogin@7c7a06ec</td></tr>
</table><p>
</body>
</html>