<?xml version="1.0" encoding="UTF-8"?>
<!-- Generated by org.testng.reporters.JUnitXMLReporter -->
<testsuite ignored="0" hostname="hoyupops-MacBook-Pro.local" failures="5" tests="28" name="Test" time="171.396" errors="0" timestamp="2025-07-29T18:10:26 IST">
  <testcase classname="tests.CustomeCareTest" name="TC018_verifyCustomerCareNavigation" time="1.164"/>
  <testcase classname="tests.CustomeCareTest" name="TC019_submitValidCustomerCareForm" time="3.687"/>
  <testcase classname="tests.CustomeCareTest" name="TC020_submitWithoutMandatoryFields" time="6.229"/>
  <testcase classname="tests.TransferFundsTest" name="TC024_verifyTransferFundsPageLoads" time="0.004"/>
  <testcase classname="tests.TransferFundsTest" name="TC025_verifySuccessfulFundTransfer" time="0.722">
    <failure type="java.lang.AssertionError" message="Transfer failed or confirmation message incorrect. expected [true] but found [false]">
      <![CDATA[java.lang.AssertionError: Transfer failed or confirmation message incorrect. expected [true] but found [false]
at tests.TransferFundsTest.TC025_verifySuccessfulFundTransfer(TransferFundsTest.java:56)
at java.base/java.util.ArrayList.forEach(ArrayList.java:1604)
... Removed 28 stack frames]]>
    </failure>
  </testcase> <!-- TC025_verifySuccessfulFundTransfer -->
  <testcase classname="tests.DemoTest" name="verifyLaunch" time="1.687"/>
  <testcase classname="tests.OpenAccountTest" name="TC017_openSavingsAccount" time="5.909">
    <failure type="org.openqa.selenium.NoSuchElementException" message="Cannot locate option with text: 19893
For documentation on this error, please visit: https://www.selenium.dev/documentation/webdriver/troubleshooting/errors#no-such-element-exception
Build info: version: &amp;apos;4.12.1&amp;apos;, revision: &amp;apos;8e34639b11&amp;apos;
System info: os.name: &amp;apos;Mac OS X&amp;apos;, os.arch: &amp;apos;aarch64&amp;apos;, os.version: &amp;apos;15.5&amp;apos;, java.version: &amp;apos;24.0.1&amp;apos;
Driver info: driver.version: unknown">
      <![CDATA[org.openqa.selenium.NoSuchElementException: Cannot locate option with text: 19893
For documentation on this error, please visit: https://www.selenium.dev/documentation/webdriver/troubleshooting/errors#no-such-element-exception
Build info: version: '4.12.1', revision: '8e34639b11'
System info: os.name: 'Mac OS X', os.arch: 'aarch64', os.version: '15.5', java.version: '24.0.1'
Driver info: driver.version: unknown
at org.openqa.selenium.support.ui.Select.selectByVisibleText(Select.java:153)
at pages.OpenAccountPage.selectFromAccount(OpenAccountPage.java:46)
at tests.OpenAccountTest.TC017_openSavingsAccount(OpenAccountTest.java:26)
at java.base/java.util.ArrayList.forEach(ArrayList.java:1604)
... Removed 25 stack frames]]>
    </failure>
  </testcase> <!-- TC017_openSavingsAccount -->
  <testcase classname="tests.OpenAccountTest" name="TC018_openCheckingAccount" time="3.541">
    <failure type="org.openqa.selenium.NoSuchElementException" message="Cannot locate option with text: 19893
For documentation on this error, please visit: https://www.selenium.dev/documentation/webdriver/troubleshooting/errors#no-such-element-exception
Build info: version: &amp;apos;4.12.1&amp;apos;, revision: &amp;apos;8e34639b11&amp;apos;
System info: os.name: &amp;apos;Mac OS X&amp;apos;, os.arch: &amp;apos;aarch64&amp;apos;, os.version: &amp;apos;15.5&amp;apos;, java.version: &amp;apos;24.0.1&amp;apos;
Driver info: driver.version: unknown">
      <![CDATA[org.openqa.selenium.NoSuchElementException: Cannot locate option with text: 19893
For documentation on this error, please visit: https://www.selenium.dev/documentation/webdriver/troubleshooting/errors#no-such-element-exception
Build info: version: '4.12.1', revision: '8e34639b11'
System info: os.name: 'Mac OS X', os.arch: 'aarch64', os.version: '15.5', java.version: '24.0.1'
Driver info: driver.version: unknown
at org.openqa.selenium.support.ui.Select.selectByVisibleText(Select.java:153)
at pages.OpenAccountPage.selectFromAccount(OpenAccountPage.java:46)
at tests.OpenAccountTest.TC018_openCheckingAccount(OpenAccountTest.java:44)
at java.base/java.util.ArrayList.forEach(ArrayList.java:1604)
... Removed 25 stack frames]]>
    </failure>
  </testcase> <!-- TC018_openCheckingAccount -->
  <testcase classname="tests.OpenAccountTest" name="TC019_verifyAccountNumberDisplayed" time="5.167">
    <failure type="org.openqa.selenium.NoSuchElementException" message="Cannot locate option with text: 19893
For documentation on this error, please visit: https://www.selenium.dev/documentation/webdriver/troubleshooting/errors#no-such-element-exception
Build info: version: &amp;apos;4.12.1&amp;apos;, revision: &amp;apos;8e34639b11&amp;apos;
System info: os.name: &amp;apos;Mac OS X&amp;apos;, os.arch: &amp;apos;aarch64&amp;apos;, os.version: &amp;apos;15.5&amp;apos;, java.version: &amp;apos;24.0.1&amp;apos;
Driver info: driver.version: unknown">
      <![CDATA[org.openqa.selenium.NoSuchElementException: Cannot locate option with text: 19893
For documentation on this error, please visit: https://www.selenium.dev/documentation/webdriver/troubleshooting/errors#no-such-element-exception
Build info: version: '4.12.1', revision: '8e34639b11'
System info: os.name: 'Mac OS X', os.arch: 'aarch64', os.version: '15.5', java.version: '24.0.1'
Driver info: driver.version: unknown
at org.openqa.selenium.support.ui.Select.selectByVisibleText(Select.java:153)
at pages.OpenAccountPage.selectFromAccount(OpenAccountPage.java:46)
at tests.OpenAccountTest.TC019_verifyAccountNumberDisplayed(OpenAccountTest.java:61)
at java.base/java.util.ArrayList.forEach(ArrayList.java:1604)
... Removed 25 stack frames]]>
    </failure>
  </testcase> <!-- TC019_verifyAccountNumberDisplayed -->
  <testcase classname="tests.OpenAccountTest" name="TC020_negativeOpenAccountWithoutFromAccount" time="12.325"/>
  <testcase classname="tests.RegisterTest" name="TC014_registerWithMissingFields" time="3.607"/>
  <testcase classname="tests.RegisterTest" name="TC013_registerWithValidDetails" time="3.252">
    <failure type="java.lang.AssertionError" message="Registration failed or message not found. expected [true] but found [false]">
      <![CDATA[java.lang.AssertionError: Registration failed or message not found. expected [true] but found [false]
at tests.RegisterTest.TC013_registerWithValidDetails(RegisterTest.java:37)
at java.base/java.util.ArrayList.forEach(ArrayList.java:1604)
... Removed 28 stack frames]]>
    </failure>
  </testcase> <!-- TC013_registerWithValidDetails -->
  <testcase classname="tests.RegisterTest" name="TC015_registerWithPasswordMismatch" time="1.109"/>
  <testcase classname="tests.LoginTest" name="validLoginTest" time="1.164"/>
  <testcase classname="tests.LoginTest" name="InvalidLoginTest" time="3.025"/>
  <testcase classname="tests.LoginTest" name="invalidPasswordTest" time="1.944"/>
  <testcase classname="tests.LoginTest" name="blankCredentialsTest" time="0.463"/>
  <testcase classname="tests.ForgotLogin" name="validForgotLoginInfoTest_TC005" time="0.946"/>
  <testcase classname="tests.ForgotLogin" name="missingFieldsForgotLoginInfoTest_TC006" time="0.935"/>
  <testcase classname="tests.ForgotLogin" name="incorrectSSNForgotLoginInfoTest_TC007" time="1.649"/>
  <testcase classname="tests.ForgotLogin" name="navigationToForgotLoginInfo_TC008" time="1.848"/>
  <testcase classname="tests.AccountOverviewTest" name="TC021_viewAccountsOverviewSuccessfully" time="3.997"/>
  <testcase classname="tests.AccountOverviewTest" name="TC022_verifyAccountNumbersDisplayed" time="5.808"/>
  <testcase classname="tests.FooterLinkTest" name="openAboutUsLinkInNewTab_TC009" time="2.433"/>
  <testcase classname="tests.FooterLinkTest" name="openServicesLinkInNewTab_TC010" time="0.648"/>
  <testcase classname="tests.BillPayTest" name="TC026_verifyBillPayPageLoads" time="0.009"/>
  <testcase classname="tests.BillPayTest" name="TC027_submitValidBillPayment" time="0.292"/>
  <testcase classname="tests.BillPayTest" name="TC028_submitWithMismatchedAccountNumbers" time="0.28"/>
</testsuite> <!-- Test -->
