<!DOCTYPE html>

<html>
  <head>
  <meta charset='utf-8'>
  <title>TestNG reports</title>

    <link type="text/css" href="testng-reports1.css" rel="stylesheet" id="ultra" />
    <link type="text/css" href="testng-reports.css" rel="stylesheet" id="retro" disabled="false"/>
    <script type="text/javascript" src="jquery-3.6.0.min.js"></script>
    <script type="text/javascript" src="testng-reports.js"></script>
    <script type="text/javascript" src="https://www.google.com/jsapi"></script>
    <script type='text/javascript'>
      google.load('visualization', '1', {packages:['table']});
      google.setOnLoadCallback(drawTable);
      var suiteTableInitFunctions = new Array();
      var suiteTableData = new Array();
    </script>
    <!--
      <script type="text/javascript" src="jquery-ui/js/jquery-ui-1.8.16.custom.min.js"></script>
     -->
  </head>

  <body>    <div class="top-banner-root">
      <span class="top-banner-title-font">Test results</span>
      <button id="button" class="button">Switch Retro Theme</button> <!-- button -->
      <br/>
      <span class="top-banner-font-1">1 suite, 10 failed tests</span>
    </div> <!-- top-banner-root -->
    <div class="navigator-root">
      <div class="navigator-suite-header">
        <span>All suites</span>
        <a href="#" title="Collapse/expand all the suites" class="collapse-all-link">
          <img src="collapseall.gif" class="collapse-all-icon">
          </img> <!-- collapse-all-icon -->
        </a> <!-- collapse-all-link -->
      </div> <!-- navigator-suite-header -->
      <div class="suite">
        <div class="rounded-window">
          <div class="suite-header light-rounded-window-top">
            <a href="#" panel-name="suite-Parabank_Full_Stack_Automation_Suite" class="navigator-link">
              <span class="suite-name border-failed">Parabank Full Stack Automation Suite</span>
            </a> <!-- navigator-link -->
          </div> <!-- suite-header light-rounded-window-top -->
          <div class="navigator-suite-content">
            <div class="suite-section-title">
              <span>Info</span>
            </div> <!-- suite-section-title -->
            <div class="suite-section-content">
              <ul>
                <li>
                  <a href="#" panel-name="test-xml-Parabank_Full_Stack_Automation_Suite" class="navigator-link ">
                    <span>testng.xml</span>
                  </a> <!-- navigator-link  -->
                </li>
                <li>
                  <a href="#" panel-name="testlist-Parabank_Full_Stack_Automation_Suite" class="navigator-link ">
                    <span class="test-stats">2 tests</span>
                  </a> <!-- navigator-link  -->
                </li>
                <li>
                  <a href="#" panel-name="group-Parabank_Full_Stack_Automation_Suite" class="navigator-link ">
                    <span>0 groups</span>
                  </a> <!-- navigator-link  -->
                </li>
                <li>
                  <a href="#" panel-name="times-Parabank_Full_Stack_Automation_Suite" class="navigator-link ">
                    <span>Times</span>
                  </a> <!-- navigator-link  -->
                </li>
                <li>
                  <a href="#" panel-name="reporter-Parabank_Full_Stack_Automation_Suite" class="navigator-link ">
                    <span>Reporter output</span>
                  </a> <!-- navigator-link  -->
                </li>
                <li>
                  <a href="#" panel-name="ignored-methods-Parabank_Full_Stack_Automation_Suite" class="navigator-link ">
                    <span>Ignored methods</span>
                  </a> <!-- navigator-link  -->
                </li>
                <li>
                  <a href="#" panel-name="chronological-Parabank_Full_Stack_Automation_Suite" class="navigator-link ">
                    <span>Chronological view</span>
                  </a> <!-- navigator-link  -->
                </li>
              </ul>
            </div> <!-- suite-section-content -->
            <div class="result-section">
              <div class="suite-section-title">
                <span>Results</span>
              </div> <!-- suite-section-title -->
              <div class="suite-section-content">
                <ul>
                  <li>
                    <span class="method-stats">33 methods, 10 failed,  7 skipped,  16 passed</span>
                  </li>
                  <li>
                    <span class="method-list-title failed">Failed methods</span>
                    <span class="show-or-hide-methods failed">
                      <a href="#" panel-name="suite-Parabank_Full_Stack_Automation_Suite" class="hide-methods failed suite-Parabank_Full_Stack_Automation_Suite"> (hide)</a> <!-- hide-methods failed suite-Parabank_Full_Stack_Automation_Suite -->
                      <a href="#" panel-name="suite-Parabank_Full_Stack_Automation_Suite" class="show-methods failed suite-Parabank_Full_Stack_Automation_Suite"> (show)</a> <!-- show-methods failed suite-Parabank_Full_Stack_Automation_Suite -->
                    </span>
                    <div class="method-list-content failed suite-Parabank_Full_Stack_Automation_Suite">
                      <span>
                        <img src="failed.png" width="3%"/>
                        <a href="#" panel-name="suite-Parabank_Full_Stack_Automation_Suite" title="ui.tests.LoginTest" class="method navigator-link" hash-for-method="InvalidLoginTest">InvalidLoginTest</a> <!-- method navigator-link -->
                      </span>
                      <br/>
                      <span>
                        <img src="failed.png" width="3%"/>
                        <a href="#" panel-name="suite-Parabank_Full_Stack_Automation_Suite" title="ui.tests.RegisterTest" class="method navigator-link" hash-for-method="TC013_registerWithValidDetails">TC013_registerWithValidDetails</a> <!-- method navigator-link -->
                      </span>
                      <br/>
                      <span>
                        <img src="failed.png" width="3%"/>
                        <a href="#" panel-name="suite-Parabank_Full_Stack_Automation_Suite" title="ui.tests.OpenAccountTest" class="method navigator-link" hash-for-method="TC017_openSavingsAccount">TC017_openSavingsAccount</a> <!-- method navigator-link -->
                      </span>
                      <br/>
                      <span>
                        <img src="failed.png" width="3%"/>
                        <a href="#" panel-name="suite-Parabank_Full_Stack_Automation_Suite" title="ui.tests.OpenAccountTest" class="method navigator-link" hash-for-method="TC018_openCheckingAccount">TC018_openCheckingAccount</a> <!-- method navigator-link -->
                      </span>
                      <br/>
                      <span>
                        <img src="failed.png" width="3%"/>
                        <a href="#" panel-name="suite-Parabank_Full_Stack_Automation_Suite" title="ui.tests.OpenAccountTest" class="method navigator-link" hash-for-method="TC019_verifyAccountNumberDisplayed">TC019_verifyAccountNumberDisplayed</a> <!-- method navigator-link -->
                      </span>
                      <br/>
                      <span>
                        <img src="failed.png" width="3%"/>
                        <a href="#" panel-name="suite-Parabank_Full_Stack_Automation_Suite" title="ui.tests.OpenAccountTest" class="method navigator-link" hash-for-method="TC020_negativeOpenAccountWithoutFromAccount">TC020_negativeOpenAccountWithoutFromAccount</a> <!-- method navigator-link -->
                      </span>
                      <br/>
                      <span>
                        <img src="failed.png" width="3%"/>
                        <a href="#" panel-name="suite-Parabank_Full_Stack_Automation_Suite" title="ui.tests.AccountOverviewTest" class="method navigator-link" hash-for-method="TC021_viewAccountsOverviewSuccessfully">TC021_viewAccountsOverviewSuccessfully</a> <!-- method navigator-link -->
                      </span>
                      <br/>
                      <span>
                        <img src="failed.png" width="3%"/>
                        <a href="#" panel-name="suite-Parabank_Full_Stack_Automation_Suite" title="ui.tests.AccountOverviewTest" class="method navigator-link" hash-for-method="TC022_verifyAccountNumbersDisplayed">TC022_verifyAccountNumbersDisplayed</a> <!-- method navigator-link -->
                      </span>
                      <br/>
                      <span>
                        <img src="failed.png" width="3%"/>
                        <a href="#" panel-name="suite-Parabank_Full_Stack_Automation_Suite" title="ui.tests.LoginTest" class="method navigator-link" hash-for-method="invalidPasswordTest">invalidPasswordTest</a> <!-- method navigator-link -->
                      </span>
                      <br/>
                      <span>
                        <img src="failed.png" width="3%"/>
                        <a href="#" panel-name="suite-Parabank_Full_Stack_Automation_Suite" title="ui.tests.LoginTest" class="method navigator-link" hash-for-method="validLoginTest">validLoginTest</a> <!-- method navigator-link -->
                      </span>
                      <br/>
                    </div> <!-- method-list-content failed suite-Parabank_Full_Stack_Automation_Suite -->
                  </li>
                  <li>
                    <span class="method-list-title skipped">Skipped methods</span>
                    <span class="show-or-hide-methods skipped">
                      <a href="#" panel-name="suite-Parabank_Full_Stack_Automation_Suite" class="hide-methods skipped suite-Parabank_Full_Stack_Automation_Suite"> (hide)</a> <!-- hide-methods skipped suite-Parabank_Full_Stack_Automation_Suite -->
                      <a href="#" panel-name="suite-Parabank_Full_Stack_Automation_Suite" class="show-methods skipped suite-Parabank_Full_Stack_Automation_Suite"> (show)</a> <!-- show-methods skipped suite-Parabank_Full_Stack_Automation_Suite -->
                    </span>
                    <div class="method-list-content skipped suite-Parabank_Full_Stack_Automation_Suite">
                      <span>
                        <img src="skipped.png" width="3%"/>
                        <a href="#" panel-name="suite-Parabank_Full_Stack_Automation_Suite" title="ui.tests.TransferFundsTest" class="method navigator-link" hash-for-method="TC024_verifyTransferFundsPageLoads">TC024_verifyTransferFundsPageLoads</a> <!-- method navigator-link -->
                      </span>
                      <br/>
                      <span>
                        <img src="skipped.png" width="3%"/>
                        <a href="#" panel-name="suite-Parabank_Full_Stack_Automation_Suite" title="ui.tests.TransferFundsTest" class="method navigator-link" hash-for-method="TC025_verifySuccessfulFundTransfer">TC025_verifySuccessfulFundTransfer</a> <!-- method navigator-link -->
                      </span>
                      <br/>
                      <span>
                        <img src="skipped.png" width="3%"/>
                        <a href="#" panel-name="suite-Parabank_Full_Stack_Automation_Suite" title="ui.tests.BillPayTest" class="method navigator-link" hash-for-method="TC026_verifyBillPayPageLoads">TC026_verifyBillPayPageLoads</a> <!-- method navigator-link -->
                      </span>
                      <br/>
                      <span>
                        <img src="skipped.png" width="3%"/>
                        <a href="#" panel-name="suite-Parabank_Full_Stack_Automation_Suite" title="ui.tests.BillPayTest" class="method navigator-link" hash-for-method="TC027_submitValidBillPayment">TC027_submitValidBillPayment</a> <!-- method navigator-link -->
                      </span>
                      <br/>
                      <span>
                        <img src="skipped.png" width="3%"/>
                        <a href="#" panel-name="suite-Parabank_Full_Stack_Automation_Suite" title="ui.tests.BillPayTest" class="method navigator-link" hash-for-method="TC028_submitWithMismatchedAccountNumbers">TC028_submitWithMismatchedAccountNumbers</a> <!-- method navigator-link -->
                      </span>
                      <br/>
                      <span>
                        <img src="skipped.png" width="3%"/>
                        <a href="#" panel-name="suite-Parabank_Full_Stack_Automation_Suite" title="ui.tests.RequestLoanTest" class="method navigator-link" hash-for-method="TC030_submitValidLoanRequest">TC030_submitValidLoanRequest</a> <!-- method navigator-link -->
                      </span>
                      <br/>
                      <span>
                        <img src="skipped.png" width="3%"/>
                        <a href="#" panel-name="suite-Parabank_Full_Stack_Automation_Suite" title="ui.tests.RequestLoanTest" class="method navigator-link" hash-for-method="TC031_submitLoanWithHighDownPayment">TC031_submitLoanWithHighDownPayment</a> <!-- method navigator-link -->
                      </span>
                      <br/>
                    </div> <!-- method-list-content skipped suite-Parabank_Full_Stack_Automation_Suite -->
                  </li>
                  <li>
                    <span class="method-list-title passed">Passed methods</span>
                    <span class="show-or-hide-methods passed">
                      <a href="#" panel-name="suite-Parabank_Full_Stack_Automation_Suite" class="hide-methods passed suite-Parabank_Full_Stack_Automation_Suite"> (hide)</a> <!-- hide-methods passed suite-Parabank_Full_Stack_Automation_Suite -->
                      <a href="#" panel-name="suite-Parabank_Full_Stack_Automation_Suite" class="show-methods passed suite-Parabank_Full_Stack_Automation_Suite"> (show)</a> <!-- show-methods passed suite-Parabank_Full_Stack_Automation_Suite -->
                    </span>
                    <div class="method-list-content passed suite-Parabank_Full_Stack_Automation_Suite">
                      <span>
                        <img src="passed.png" width="3%"/>
                        <a href="#" panel-name="suite-Parabank_Full_Stack_Automation_Suite" title="ui.tests.RegisterTest" class="method navigator-link" hash-for-method="TC014_registerWithMissingFields">TC014_registerWithMissingFields</a> <!-- method navigator-link -->
                      </span>
                      <br/>
                      <span>
                        <img src="passed.png" width="3%"/>
                        <a href="#" panel-name="suite-Parabank_Full_Stack_Automation_Suite" title="ui.tests.RegisterTest" class="method navigator-link" hash-for-method="TC015_registerWithPasswordMismatch">TC015_registerWithPasswordMismatch</a> <!-- method navigator-link -->
                      </span>
                      <br/>
                      <span>
                        <img src="passed.png" width="3%"/>
                        <a href="#" panel-name="suite-Parabank_Full_Stack_Automation_Suite" title="ui.tests.CustomeCareTest" class="method navigator-link" hash-for-method="TC018_verifyCustomerCareNavigation">TC018_verifyCustomerCareNavigation</a> <!-- method navigator-link -->
                      </span>
                      <br/>
                      <span>
                        <img src="passed.png" width="3%"/>
                        <a href="#" panel-name="suite-Parabank_Full_Stack_Automation_Suite" title="ui.tests.CustomeCareTest" class="method navigator-link" hash-for-method="TC019_submitValidCustomerCareForm">TC019_submitValidCustomerCareForm</a> <!-- method navigator-link -->
                      </span>
                      <br/>
                      <span>
                        <img src="passed.png" width="3%"/>
                        <a href="#" panel-name="suite-Parabank_Full_Stack_Automation_Suite" title="ui.tests.CustomeCareTest" class="method navigator-link" hash-for-method="TC020_submitWithoutMandatoryFields">TC020_submitWithoutMandatoryFields</a> <!-- method navigator-link -->
                      </span>
                      <br/>
                      <span>
                        <img src="passed.png" width="3%"/>
                        <a href="#" panel-name="suite-Parabank_Full_Stack_Automation_Suite" title="ui.tests.LoginTest" class="method navigator-link" hash-for-method="blankCredentialsTest">blankCredentialsTest</a> <!-- method navigator-link -->
                      </span>
                      <br/>
                      <span>
                        <img src="passed.png" width="3%"/>
                        <a href="#" panel-name="suite-Parabank_Full_Stack_Automation_Suite" title="api.tests.AccountsTest" class="method navigator-link" hash-for-method="getAccountsShouldReturnList">getAccountsShouldReturnList</a> <!-- method navigator-link -->
                      </span>
                      <br/>
                      <span>
                        <img src="passed.png" width="3%"/>
                        <a href="#" panel-name="suite-Parabank_Full_Stack_Automation_Suite" title="ui.tests.ForgotLogin" class="method navigator-link" hash-for-method="incorrectSSNForgotLoginInfoTest_TC007">incorrectSSNForgotLoginInfoTest_TC007</a> <!-- method navigator-link -->
                      </span>
                      <br/>
                      <span>
                        <img src="passed.png" width="3%"/>
                        <a href="#" panel-name="suite-Parabank_Full_Stack_Automation_Suite" title="api.tests.LoginTest" class="method navigator-link" hash-for-method="loginShouldReturnSuccess">loginShouldReturnSuccess</a> <!-- method navigator-link -->
                      </span>
                      <br/>
                      <span>
                        <img src="passed.png" width="3%"/>
                        <a href="#" panel-name="suite-Parabank_Full_Stack_Automation_Suite" title="ui.tests.ForgotLogin" class="method navigator-link" hash-for-method="missingFieldsForgotLoginInfoTest_TC006">missingFieldsForgotLoginInfoTest_TC006</a> <!-- method navigator-link -->
                      </span>
                      <br/>
                      <span>
                        <img src="passed.png" width="3%"/>
                        <a href="#" panel-name="suite-Parabank_Full_Stack_Automation_Suite" title="ui.tests.ForgotLogin" class="method navigator-link" hash-for-method="navigationToForgotLoginInfo_TC008">navigationToForgotLoginInfo_TC008</a> <!-- method navigator-link -->
                      </span>
                      <br/>
                      <span>
                        <img src="passed.png" width="3%"/>
                        <a href="#" panel-name="suite-Parabank_Full_Stack_Automation_Suite" title="ui.tests.FooterLinkTest" class="method navigator-link" hash-for-method="openAboutUsLinkInNewTab_TC009">openAboutUsLinkInNewTab_TC009</a> <!-- method navigator-link -->
                      </span>
                      <br/>
                      <span>
                        <img src="passed.png" width="3%"/>
                        <a href="#" panel-name="suite-Parabank_Full_Stack_Automation_Suite" title="ui.tests.FooterLinkTest" class="method navigator-link" hash-for-method="openServicesLinkInNewTab_TC010">openServicesLinkInNewTab_TC010</a> <!-- method navigator-link -->
                      </span>
                      <br/>
                      <span>
                        <img src="passed.png" width="3%"/>
                        <a href="#" panel-name="suite-Parabank_Full_Stack_Automation_Suite" title="api.tests.TransferFundsTest" class="method navigator-link" hash-for-method="transferShouldReturnSuccess">transferShouldReturnSuccess</a> <!-- method navigator-link -->
                      </span>
                      <br/>
                      <span>
                        <img src="passed.png" width="3%"/>
                        <a href="#" panel-name="suite-Parabank_Full_Stack_Automation_Suite" title="ui.tests.ForgotLogin" class="method navigator-link" hash-for-method="validForgotLoginInfoTest_TC005">validForgotLoginInfoTest_TC005</a> <!-- method navigator-link -->
                      </span>
                      <br/>
                      <span>
                        <img src="passed.png" width="3%"/>
                        <a href="#" panel-name="suite-Parabank_Full_Stack_Automation_Suite" title="ui.tests.DemoTest" class="method navigator-link" hash-for-method="verifyLaunch">verifyLaunch</a> <!-- method navigator-link -->
                      </span>
                      <br/>
                    </div> <!-- method-list-content passed suite-Parabank_Full_Stack_Automation_Suite -->
                  </li>
                </ul>
              </div> <!-- suite-section-content -->
            </div> <!-- result-section -->
          </div> <!-- navigator-suite-content -->
        </div> <!-- rounded-window -->
      </div> <!-- suite -->
    </div> <!-- navigator-root -->
    <div class="wrapper">
      <div class="main-panel-root">
        <div panel-name="suite-Parabank_Full_Stack_Automation_Suite" class="panel Parabank_Full_Stack_Automation_Suite">
          <div class="suite-Parabank_Full_Stack_Automation_Suite-class-failed">
            <div class="main-panel-header rounded-window-top">
              <img src="failed.png"/>
              <span class="class-name">ui.tests.OpenAccountTest</span>
            </div> <!-- main-panel-header rounded-window-top -->
            <div class="main-panel-content rounded-window-bottom">
              <div class="method">
                <div class="method-content">
                  <a name="TC017_openSavingsAccount">
                  </a> <!-- TC017_openSavingsAccount -->
                  <span class="method-name">TC017_openSavingsAccount</span>
                  <div class="stack-trace">org.openqa.selenium.NoSuchElementException: no such element: Unable to locate element: {&quot;method&quot;:&quot;xpath&quot;,&quot;selector&quot;:&quot;//a[normalize-space()=&apos;Open New Account&apos;]&quot;}
  (Session info: chrome=138.0.7204.184)
For documentation on this error, please visit: https://www.selenium.dev/documentation/webdriver/troubleshooting/errors#no-such-element-exception
Build info: version: &apos;4.12.1&apos;, revision: &apos;8e34639b11&apos;
System info: os.name: &apos;Mac OS X&apos;, os.arch: &apos;aarch64&apos;, os.version: &apos;15.5&apos;, java.version: &apos;24.0.1&apos;
Driver info: org.openqa.selenium.chrome.ChromeDriver
Command: [fe73faa87ad0b80fb30b6ebf8e7e10c5, findElement {using=xpath, value=//a[normalize-space()=&apos;Open New Account&apos;]}]
Capabilities {acceptInsecureCerts: false, browserName: chrome, browserVersion: 138.0.7204.184, chrome: {chromedriverVersion: 138.0.7204.183 (e90faf484dd..., userDataDir: /var/folders/lq/1xzyyc29195...}, fedcm:accounts: true, goog:chromeOptions: {debuggerAddress: localhost:52112}, networkConnectionEnabled: false, pageLoadStrategy: normal, platformName: mac, proxy: Proxy(), se:cdp: ws://localhost:52112/devtoo..., se:cdpVersion: 138.0.7204.184, setWindowRect: true, strictFileInteractability: false, timeouts: {implicit: 0, pageLoad: 300000, script: 30000}, unhandledPromptBehavior: dismiss and notify, webauthn:extension:credBlob: true, webauthn:extension:largeBlob: true, webauthn:extension:minPinLength: true, webauthn:extension:prf: true, webauthn:virtualAuthenticators: true}
Session ID: fe73faa87ad0b80fb30b6ebf8e7e10c5
	at org.openqa.selenium.remote.codec.w3c.W3CHttpResponseCodec.createException(W3CHttpResponseCodec.java:200)
	at org.openqa.selenium.remote.codec.w3c.W3CHttpResponseCodec.decode(W3CHttpResponseCodec.java:133)
	at org.openqa.selenium.remote.codec.w3c.W3CHttpResponseCodec.decode(W3CHttpResponseCodec.java:52)
	at org.openqa.selenium.remote.HttpCommandExecutor.execute(HttpCommandExecutor.java:191)
	at org.openqa.selenium.remote.service.DriverCommandExecutor.invokeExecute(DriverCommandExecutor.java:196)
	at org.openqa.selenium.remote.service.DriverCommandExecutor.execute(DriverCommandExecutor.java:171)
	at org.openqa.selenium.remote.RemoteWebDriver.execute(RemoteWebDriver.java:602)
	at org.openqa.selenium.remote.ElementLocation$ElementFinder$2.findElement(ElementLocation.java:165)
	at org.openqa.selenium.remote.ElementLocation.findElement(ElementLocation.java:59)
	at org.openqa.selenium.remote.RemoteWebDriver.findElement(RemoteWebDriver.java:359)
	at org.openqa.selenium.remote.RemoteWebDriver.findElement(RemoteWebDriver.java:353)
	at pages.OpenAccountPage.clickOpenNewAccountLink(OpenAccountPage.java:33)
	at ui.tests.OpenAccountTest.TC017_openSavingsAccount(OpenAccountTest.java:23)
	at java.base/java.util.ArrayList.forEach(ArrayList.java:1604)
... Removed 28 stack frames
</div> <!-- stack-trace -->
                </div> <!-- method-content -->
              </div> <!-- method -->
              <div class="method">
                <div class="method-content">
                  <a name="TC018_openCheckingAccount">
                  </a> <!-- TC018_openCheckingAccount -->
                  <span class="method-name">TC018_openCheckingAccount</span>
                  <div class="stack-trace">org.openqa.selenium.NoSuchElementException: no such element: Unable to locate element: {&quot;method&quot;:&quot;xpath&quot;,&quot;selector&quot;:&quot;//a[normalize-space()=&apos;Open New Account&apos;]&quot;}
  (Session info: chrome=138.0.7204.184)
For documentation on this error, please visit: https://www.selenium.dev/documentation/webdriver/troubleshooting/errors#no-such-element-exception
Build info: version: &apos;4.12.1&apos;, revision: &apos;8e34639b11&apos;
System info: os.name: &apos;Mac OS X&apos;, os.arch: &apos;aarch64&apos;, os.version: &apos;15.5&apos;, java.version: &apos;24.0.1&apos;
Driver info: org.openqa.selenium.chrome.ChromeDriver
Command: [029e8102d9a9b437914f8e4d980dbde9, findElement {using=xpath, value=//a[normalize-space()=&apos;Open New Account&apos;]}]
Capabilities {acceptInsecureCerts: false, browserName: chrome, browserVersion: 138.0.7204.184, chrome: {chromedriverVersion: 138.0.7204.183 (e90faf484dd..., userDataDir: /var/folders/lq/1xzyyc29195...}, fedcm:accounts: true, goog:chromeOptions: {debuggerAddress: localhost:52132}, networkConnectionEnabled: false, pageLoadStrategy: normal, platformName: mac, proxy: Proxy(), se:cdp: ws://localhost:52132/devtoo..., se:cdpVersion: 138.0.7204.184, setWindowRect: true, strictFileInteractability: false, timeouts: {implicit: 0, pageLoad: 300000, script: 30000}, unhandledPromptBehavior: dismiss and notify, webauthn:extension:credBlob: true, webauthn:extension:largeBlob: true, webauthn:extension:minPinLength: true, webauthn:extension:prf: true, webauthn:virtualAuthenticators: true}
Session ID: 029e8102d9a9b437914f8e4d980dbde9
	at org.openqa.selenium.remote.codec.w3c.W3CHttpResponseCodec.createException(W3CHttpResponseCodec.java:200)
	at org.openqa.selenium.remote.codec.w3c.W3CHttpResponseCodec.decode(W3CHttpResponseCodec.java:133)
	at org.openqa.selenium.remote.codec.w3c.W3CHttpResponseCodec.decode(W3CHttpResponseCodec.java:52)
	at org.openqa.selenium.remote.HttpCommandExecutor.execute(HttpCommandExecutor.java:191)
	at org.openqa.selenium.remote.service.DriverCommandExecutor.invokeExecute(DriverCommandExecutor.java:196)
	at org.openqa.selenium.remote.service.DriverCommandExecutor.execute(DriverCommandExecutor.java:171)
	at org.openqa.selenium.remote.RemoteWebDriver.execute(RemoteWebDriver.java:602)
	at org.openqa.selenium.remote.ElementLocation$ElementFinder$2.findElement(ElementLocation.java:165)
	at org.openqa.selenium.remote.ElementLocation.findElement(ElementLocation.java:59)
	at org.openqa.selenium.remote.RemoteWebDriver.findElement(RemoteWebDriver.java:359)
	at org.openqa.selenium.remote.RemoteWebDriver.findElement(RemoteWebDriver.java:353)
	at pages.OpenAccountPage.clickOpenNewAccountLink(OpenAccountPage.java:33)
	at ui.tests.OpenAccountTest.TC018_openCheckingAccount(OpenAccountTest.java:41)
	at java.base/java.util.ArrayList.forEach(ArrayList.java:1604)
... Removed 28 stack frames
</div> <!-- stack-trace -->
                </div> <!-- method-content -->
              </div> <!-- method -->
              <div class="method">
                <div class="method-content">
                  <a name="TC019_verifyAccountNumberDisplayed">
                  </a> <!-- TC019_verifyAccountNumberDisplayed -->
                  <span class="method-name">TC019_verifyAccountNumberDisplayed</span>
                  <div class="stack-trace">org.openqa.selenium.NoSuchElementException: no such element: Unable to locate element: {&quot;method&quot;:&quot;xpath&quot;,&quot;selector&quot;:&quot;//a[normalize-space()=&apos;Open New Account&apos;]&quot;}
  (Session info: chrome=138.0.7204.184)
For documentation on this error, please visit: https://www.selenium.dev/documentation/webdriver/troubleshooting/errors#no-such-element-exception
Build info: version: &apos;4.12.1&apos;, revision: &apos;8e34639b11&apos;
System info: os.name: &apos;Mac OS X&apos;, os.arch: &apos;aarch64&apos;, os.version: &apos;15.5&apos;, java.version: &apos;24.0.1&apos;
Driver info: org.openqa.selenium.chrome.ChromeDriver
Command: [a0779233cfb69a366d20e163e91f17da, findElement {using=xpath, value=//a[normalize-space()=&apos;Open New Account&apos;]}]
Capabilities {acceptInsecureCerts: false, browserName: chrome, browserVersion: 138.0.7204.184, chrome: {chromedriverVersion: 138.0.7204.183 (e90faf484dd..., userDataDir: /var/folders/lq/1xzyyc29195...}, fedcm:accounts: true, goog:chromeOptions: {debuggerAddress: localhost:52152}, networkConnectionEnabled: false, pageLoadStrategy: normal, platformName: mac, proxy: Proxy(), se:cdp: ws://localhost:52152/devtoo..., se:cdpVersion: 138.0.7204.184, setWindowRect: true, strictFileInteractability: false, timeouts: {implicit: 0, pageLoad: 300000, script: 30000}, unhandledPromptBehavior: dismiss and notify, webauthn:extension:credBlob: true, webauthn:extension:largeBlob: true, webauthn:extension:minPinLength: true, webauthn:extension:prf: true, webauthn:virtualAuthenticators: true}
Session ID: a0779233cfb69a366d20e163e91f17da
	at org.openqa.selenium.remote.codec.w3c.W3CHttpResponseCodec.createException(W3CHttpResponseCodec.java:200)
	at org.openqa.selenium.remote.codec.w3c.W3CHttpResponseCodec.decode(W3CHttpResponseCodec.java:133)
	at org.openqa.selenium.remote.codec.w3c.W3CHttpResponseCodec.decode(W3CHttpResponseCodec.java:52)
	at org.openqa.selenium.remote.HttpCommandExecutor.execute(HttpCommandExecutor.java:191)
	at org.openqa.selenium.remote.service.DriverCommandExecutor.invokeExecute(DriverCommandExecutor.java:196)
	at org.openqa.selenium.remote.service.DriverCommandExecutor.execute(DriverCommandExecutor.java:171)
	at org.openqa.selenium.remote.RemoteWebDriver.execute(RemoteWebDriver.java:602)
	at org.openqa.selenium.remote.ElementLocation$ElementFinder$2.findElement(ElementLocation.java:165)
	at org.openqa.selenium.remote.ElementLocation.findElement(ElementLocation.java:59)
	at org.openqa.selenium.remote.RemoteWebDriver.findElement(RemoteWebDriver.java:359)
	at org.openqa.selenium.remote.RemoteWebDriver.findElement(RemoteWebDriver.java:353)
	at pages.OpenAccountPage.clickOpenNewAccountLink(OpenAccountPage.java:33)
	at ui.tests.OpenAccountTest.TC019_verifyAccountNumberDisplayed(OpenAccountTest.java:58)
	at java.base/java.util.ArrayList.forEach(ArrayList.java:1604)
... Removed 28 stack frames
</div> <!-- stack-trace -->
                </div> <!-- method-content -->
              </div> <!-- method -->
              <div class="method">
                <div class="method-content">
                  <a name="TC020_negativeOpenAccountWithoutFromAccount">
                  </a> <!-- TC020_negativeOpenAccountWithoutFromAccount -->
                  <span class="method-name">TC020_negativeOpenAccountWithoutFromAccount</span>
                  <div class="stack-trace">org.openqa.selenium.NoSuchElementException: no such element: Unable to locate element: {&quot;method&quot;:&quot;xpath&quot;,&quot;selector&quot;:&quot;//a[normalize-space()=&apos;Open New Account&apos;]&quot;}
  (Session info: chrome=138.0.7204.184)
For documentation on this error, please visit: https://www.selenium.dev/documentation/webdriver/troubleshooting/errors#no-such-element-exception
Build info: version: &apos;4.12.1&apos;, revision: &apos;8e34639b11&apos;
System info: os.name: &apos;Mac OS X&apos;, os.arch: &apos;aarch64&apos;, os.version: &apos;15.5&apos;, java.version: &apos;24.0.1&apos;
Driver info: org.openqa.selenium.chrome.ChromeDriver
Command: [b2ac43ad5c20e52b279413d94ccb2d50, findElement {using=xpath, value=//a[normalize-space()=&apos;Open New Account&apos;]}]
Capabilities {acceptInsecureCerts: false, browserName: chrome, browserVersion: 138.0.7204.184, chrome: {chromedriverVersion: 138.0.7204.183 (e90faf484dd..., userDataDir: /var/folders/lq/1xzyyc29195...}, fedcm:accounts: true, goog:chromeOptions: {debuggerAddress: localhost:52173}, networkConnectionEnabled: false, pageLoadStrategy: normal, platformName: mac, proxy: Proxy(), se:cdp: ws://localhost:52173/devtoo..., se:cdpVersion: 138.0.7204.184, setWindowRect: true, strictFileInteractability: false, timeouts: {implicit: 0, pageLoad: 300000, script: 30000}, unhandledPromptBehavior: dismiss and notify, webauthn:extension:credBlob: true, webauthn:extension:largeBlob: true, webauthn:extension:minPinLength: true, webauthn:extension:prf: true, webauthn:virtualAuthenticators: true}
Session ID: b2ac43ad5c20e52b279413d94ccb2d50
	at org.openqa.selenium.remote.codec.w3c.W3CHttpResponseCodec.createException(W3CHttpResponseCodec.java:200)
	at org.openqa.selenium.remote.codec.w3c.W3CHttpResponseCodec.decode(W3CHttpResponseCodec.java:133)
	at org.openqa.selenium.remote.codec.w3c.W3CHttpResponseCodec.decode(W3CHttpResponseCodec.java:52)
	at org.openqa.selenium.remote.HttpCommandExecutor.execute(HttpCommandExecutor.java:191)
	at org.openqa.selenium.remote.service.DriverCommandExecutor.invokeExecute(DriverCommandExecutor.java:196)
	at org.openqa.selenium.remote.service.DriverCommandExecutor.execute(DriverCommandExecutor.java:171)
	at org.openqa.selenium.remote.RemoteWebDriver.execute(RemoteWebDriver.java:602)
	at org.openqa.selenium.remote.ElementLocation$ElementFinder$2.findElement(ElementLocation.java:165)
	at org.openqa.selenium.remote.ElementLocation.findElement(ElementLocation.java:59)
	at org.openqa.selenium.remote.RemoteWebDriver.findElement(RemoteWebDriver.java:359)
	at org.openqa.selenium.remote.RemoteWebDriver.findElement(RemoteWebDriver.java:353)
	at pages.OpenAccountPage.clickOpenNewAccountLink(OpenAccountPage.java:33)
	at ui.tests.OpenAccountTest.TC020_negativeOpenAccountWithoutFromAccount(OpenAccountTest.java:75)
	at java.base/java.util.ArrayList.forEach(ArrayList.java:1604)
... Removed 28 stack frames
</div> <!-- stack-trace -->
                </div> <!-- method-content -->
              </div> <!-- method -->
            </div> <!-- main-panel-content rounded-window-bottom -->
          </div> <!-- suite-Parabank_Full_Stack_Automation_Suite-class-failed -->
          <div class="suite-Parabank_Full_Stack_Automation_Suite-class-failed">
            <div class="main-panel-header rounded-window-top">
              <img src="failed.png"/>
              <span class="class-name">ui.tests.RegisterTest</span>
            </div> <!-- main-panel-header rounded-window-top -->
            <div class="main-panel-content rounded-window-bottom">
              <div class="method">
                <div class="method-content">
                  <a name="TC013_registerWithValidDetails">
                  </a> <!-- TC013_registerWithValidDetails -->
                  <span class="method-name">TC013_registerWithValidDetails</span>
                  <div class="stack-trace">java.lang.AssertionError: Registration failed or message not found. expected [true] but found [false]
	at ui.tests.RegisterTest.TC013_registerWithValidDetails(RegisterTest.java:37)
	at java.base/java.util.ArrayList.forEach(ArrayList.java:1604)
... Removed 28 stack frames
</div> <!-- stack-trace -->
                </div> <!-- method-content -->
              </div> <!-- method -->
            </div> <!-- main-panel-content rounded-window-bottom -->
          </div> <!-- suite-Parabank_Full_Stack_Automation_Suite-class-failed -->
          <div class="suite-Parabank_Full_Stack_Automation_Suite-class-failed">
            <div class="main-panel-header rounded-window-top">
              <img src="failed.png"/>
              <span class="class-name">ui.tests.AccountOverviewTest</span>
            </div> <!-- main-panel-header rounded-window-top -->
            <div class="main-panel-content rounded-window-bottom">
              <div class="method">
                <div class="method-content">
                  <a name="TC021_viewAccountsOverviewSuccessfully">
                  </a> <!-- TC021_viewAccountsOverviewSuccessfully -->
                  <span class="method-name">TC021_viewAccountsOverviewSuccessfully</span>
                  <div class="stack-trace">org.openqa.selenium.NoSuchElementException: no such element: Unable to locate element: {&quot;method&quot;:&quot;link text&quot;,&quot;selector&quot;:&quot;Accounts Overview&quot;}
  (Session info: chrome=138.0.7204.184)
For documentation on this error, please visit: https://www.selenium.dev/documentation/webdriver/troubleshooting/errors#no-such-element-exception
Build info: version: &apos;4.12.1&apos;, revision: &apos;8e34639b11&apos;
System info: os.name: &apos;Mac OS X&apos;, os.arch: &apos;aarch64&apos;, os.version: &apos;15.5&apos;, java.version: &apos;24.0.1&apos;
Driver info: org.openqa.selenium.chrome.ChromeDriver
Command: [61efea4b88c1645046980d3193baf8e1, findElement {using=link text, value=Accounts Overview}]
Capabilities {acceptInsecureCerts: false, browserName: chrome, browserVersion: 138.0.7204.184, chrome: {chromedriverVersion: 138.0.7204.183 (e90faf484dd..., userDataDir: /var/folders/lq/1xzyyc29195...}, fedcm:accounts: true, goog:chromeOptions: {debuggerAddress: localhost:52324}, networkConnectionEnabled: false, pageLoadStrategy: normal, platformName: mac, proxy: Proxy(), se:cdp: ws://localhost:52324/devtoo..., se:cdpVersion: 138.0.7204.184, setWindowRect: true, strictFileInteractability: false, timeouts: {implicit: 0, pageLoad: 300000, script: 30000}, unhandledPromptBehavior: dismiss and notify, webauthn:extension:credBlob: true, webauthn:extension:largeBlob: true, webauthn:extension:minPinLength: true, webauthn:extension:prf: true, webauthn:virtualAuthenticators: true}
Session ID: 61efea4b88c1645046980d3193baf8e1
	at org.openqa.selenium.remote.codec.w3c.W3CHttpResponseCodec.createException(W3CHttpResponseCodec.java:200)
	at org.openqa.selenium.remote.codec.w3c.W3CHttpResponseCodec.decode(W3CHttpResponseCodec.java:133)
	at org.openqa.selenium.remote.codec.w3c.W3CHttpResponseCodec.decode(W3CHttpResponseCodec.java:52)
	at org.openqa.selenium.remote.HttpCommandExecutor.execute(HttpCommandExecutor.java:191)
	at org.openqa.selenium.remote.service.DriverCommandExecutor.invokeExecute(DriverCommandExecutor.java:196)
	at org.openqa.selenium.remote.service.DriverCommandExecutor.execute(DriverCommandExecutor.java:171)
	at org.openqa.selenium.remote.RemoteWebDriver.execute(RemoteWebDriver.java:602)
	at org.openqa.selenium.remote.ElementLocation$ElementFinder$2.findElement(ElementLocation.java:165)
	at org.openqa.selenium.remote.ElementLocation.findElement(ElementLocation.java:59)
	at org.openqa.selenium.remote.RemoteWebDriver.findElement(RemoteWebDriver.java:359)
	at org.openqa.selenium.remote.RemoteWebDriver.findElement(RemoteWebDriver.java:353)
	at pages.AccountOverviewPage.clickAccountsOverview(AccountOverviewPage.java:24)
	at ui.tests.AccountOverviewTest.TC021_viewAccountsOverviewSuccessfully(AccountOverviewTest.java:27)
	at java.base/java.util.ArrayList.forEach(ArrayList.java:1604)
... Removed 28 stack frames
</div> <!-- stack-trace -->
                </div> <!-- method-content -->
              </div> <!-- method -->
              <div class="method">
                <div class="method-content">
                  <a name="TC022_verifyAccountNumbersDisplayed">
                  </a> <!-- TC022_verifyAccountNumbersDisplayed -->
                  <span class="method-name">TC022_verifyAccountNumbersDisplayed</span>
                  <div class="stack-trace">org.openqa.selenium.NoSuchElementException: no such element: Unable to locate element: {&quot;method&quot;:&quot;link text&quot;,&quot;selector&quot;:&quot;Accounts Overview&quot;}
  (Session info: chrome=138.0.7204.184)
For documentation on this error, please visit: https://www.selenium.dev/documentation/webdriver/troubleshooting/errors#no-such-element-exception
Build info: version: &apos;4.12.1&apos;, revision: &apos;8e34639b11&apos;
System info: os.name: &apos;Mac OS X&apos;, os.arch: &apos;aarch64&apos;, os.version: &apos;15.5&apos;, java.version: &apos;24.0.1&apos;
Driver info: org.openqa.selenium.chrome.ChromeDriver
Command: [7b0e52ae1719e755d16429331a4a5a4c, findElement {using=link text, value=Accounts Overview}]
Capabilities {acceptInsecureCerts: false, browserName: chrome, browserVersion: 138.0.7204.184, chrome: {chromedriverVersion: 138.0.7204.183 (e90faf484dd..., userDataDir: /var/folders/lq/1xzyyc29195...}, fedcm:accounts: true, goog:chromeOptions: {debuggerAddress: localhost:52346}, networkConnectionEnabled: false, pageLoadStrategy: normal, platformName: mac, proxy: Proxy(), se:cdp: ws://localhost:52346/devtoo..., se:cdpVersion: 138.0.7204.184, setWindowRect: true, strictFileInteractability: false, timeouts: {implicit: 0, pageLoad: 300000, script: 30000}, unhandledPromptBehavior: dismiss and notify, webauthn:extension:credBlob: true, webauthn:extension:largeBlob: true, webauthn:extension:minPinLength: true, webauthn:extension:prf: true, webauthn:virtualAuthenticators: true}
Session ID: 7b0e52ae1719e755d16429331a4a5a4c
	at org.openqa.selenium.remote.codec.w3c.W3CHttpResponseCodec.createException(W3CHttpResponseCodec.java:200)
	at org.openqa.selenium.remote.codec.w3c.W3CHttpResponseCodec.decode(W3CHttpResponseCodec.java:133)
	at org.openqa.selenium.remote.codec.w3c.W3CHttpResponseCodec.decode(W3CHttpResponseCodec.java:52)
	at org.openqa.selenium.remote.HttpCommandExecutor.execute(HttpCommandExecutor.java:191)
	at org.openqa.selenium.remote.service.DriverCommandExecutor.invokeExecute(DriverCommandExecutor.java:196)
	at org.openqa.selenium.remote.service.DriverCommandExecutor.execute(DriverCommandExecutor.java:171)
	at org.openqa.selenium.remote.RemoteWebDriver.execute(RemoteWebDriver.java:602)
	at org.openqa.selenium.remote.ElementLocation$ElementFinder$2.findElement(ElementLocation.java:165)
	at org.openqa.selenium.remote.ElementLocation.findElement(ElementLocation.java:59)
	at org.openqa.selenium.remote.RemoteWebDriver.findElement(RemoteWebDriver.java:359)
	at org.openqa.selenium.remote.RemoteWebDriver.findElement(RemoteWebDriver.java:353)
	at pages.AccountOverviewPage.clickAccountsOverview(AccountOverviewPage.java:24)
	at ui.tests.AccountOverviewTest.TC022_verifyAccountNumbersDisplayed(AccountOverviewTest.java:38)
	at java.base/java.util.ArrayList.forEach(ArrayList.java:1604)
... Removed 28 stack frames
</div> <!-- stack-trace -->
                </div> <!-- method-content -->
              </div> <!-- method -->
            </div> <!-- main-panel-content rounded-window-bottom -->
          </div> <!-- suite-Parabank_Full_Stack_Automation_Suite-class-failed -->
          <div class="suite-Parabank_Full_Stack_Automation_Suite-class-failed">
            <div class="main-panel-header rounded-window-top">
              <img src="failed.png"/>
              <span class="class-name">ui.tests.LoginTest</span>
            </div> <!-- main-panel-header rounded-window-top -->
            <div class="main-panel-content rounded-window-bottom">
              <div class="method">
                <div class="method-content">
                  <a name="InvalidLoginTest">
                  </a> <!-- InvalidLoginTest -->
                  <span class="method-name">InvalidLoginTest</span>
                  <div class="stack-trace">java.lang.AssertionError: expected:&lt;The username and password could not be verified.&gt; but was:&lt;&gt;
	at ui.tests.LoginTest.InvalidLoginTest(LoginTest.java:36)
	at java.base/java.util.ArrayList.forEach(ArrayList.java:1604)
... Removed 27 stack frames
</div> <!-- stack-trace -->
                </div> <!-- method-content -->
              </div> <!-- method -->
              <div class="method">
                <div class="method-content">
                  <a name="invalidPasswordTest">
                  </a> <!-- invalidPasswordTest -->
                  <span class="method-name">invalidPasswordTest</span>
                  <div class="stack-trace">java.lang.AssertionError: expected:&lt;The username and password could not be verified.&gt; but was:&lt;&gt;
	at ui.tests.LoginTest.invalidPasswordTest(LoginTest.java:47)
	at java.base/java.util.ArrayList.forEach(ArrayList.java:1604)
... Removed 27 stack frames
</div> <!-- stack-trace -->
                </div> <!-- method-content -->
              </div> <!-- method -->
              <div class="method">
                <div class="method-content">
                  <a name="validLoginTest">
                  </a> <!-- validLoginTest -->
                  <span class="method-name">validLoginTest</span>
                  <div class="stack-trace">java.lang.AssertionError: expected:&lt;ParaBank | Welcome | Online Banking&gt; but was:&lt;ParaBank | Accounts Overview&gt;
	at ui.tests.LoginTest.validLoginTest(LoginTest.java:24)
	at java.base/java.util.ArrayList.forEach(ArrayList.java:1604)
... Removed 27 stack frames
</div> <!-- stack-trace -->
                </div> <!-- method-content -->
              </div> <!-- method -->
            </div> <!-- main-panel-content rounded-window-bottom -->
          </div> <!-- suite-Parabank_Full_Stack_Automation_Suite-class-failed -->
          <div class="suite-Parabank_Full_Stack_Automation_Suite-class-skipped">
            <div class="main-panel-header rounded-window-top">
              <img src="skipped.png"/>
              <span class="class-name">ui.tests.TransferFundsTest</span>
            </div> <!-- main-panel-header rounded-window-top -->
            <div class="main-panel-content rounded-window-bottom">
              <div class="method">
                <div class="method-content">
                  <a name="TC024_verifyTransferFundsPageLoads">
                  </a> <!-- TC024_verifyTransferFundsPageLoads -->
                  <span class="method-name">TC024_verifyTransferFundsPageLoads</span>
                  <div class="stack-trace">org.openqa.selenium.TimeoutException: Expected condition failed: waiting for visibility of element located by By.linkText: Transfer Funds (tried for 10 second(s) with 500 milliseconds interval)
Build info: version: &apos;4.12.1&apos;, revision: &apos;8e34639b11&apos;
System info: os.name: &apos;Mac OS X&apos;, os.arch: &apos;aarch64&apos;, os.version: &apos;15.5&apos;, java.version: &apos;24.0.1&apos;
Driver info: org.openqa.selenium.chrome.ChromeDriver
Capabilities {acceptInsecureCerts: false, browserName: chrome, browserVersion: 138.0.7204.184, chrome: {chromedriverVersion: 138.0.7204.183 (e90faf484dd..., userDataDir: /var/folders/lq/1xzyyc29195...}, fedcm:accounts: true, goog:chromeOptions: {debuggerAddress: localhost:52018}, networkConnectionEnabled: false, pageLoadStrategy: normal, platformName: mac, proxy: Proxy(), se:cdp: ws://localhost:52018/devtoo..., se:cdpVersion: 138.0.7204.184, setWindowRect: true, strictFileInteractability: false, timeouts: {implicit: 0, pageLoad: 300000, script: 30000}, unhandledPromptBehavior: dismiss and notify, webauthn:extension:credBlob: true, webauthn:extension:largeBlob: true, webauthn:extension:minPinLength: true, webauthn:extension:prf: true, webauthn:virtualAuthenticators: true}
Session ID: 7290eedbef8034e9f2dce74fec2b47fa
	at org.openqa.selenium.support.ui.WebDriverWait.timeoutException(WebDriverWait.java:84)
	at org.openqa.selenium.support.ui.FluentWait.until(FluentWait.java:230)
	at ui.tests.TransferFundsTest.setUpTest(TransferFundsTest.java:34)
	at java.base/java.util.ArrayList.forEach(ArrayList.java:1604)
... Removed 29 stack frames
</div> <!-- stack-trace -->
                </div> <!-- method-content -->
              </div> <!-- method -->
              <div class="method">
                <div class="method-content">
                  <a name="TC025_verifySuccessfulFundTransfer">
                  </a> <!-- TC025_verifySuccessfulFundTransfer -->
                  <span class="method-name">TC025_verifySuccessfulFundTransfer</span>
                  <div class="stack-trace">org.openqa.selenium.TimeoutException: Expected condition failed: waiting for visibility of element located by By.linkText: Transfer Funds (tried for 10 second(s) with 500 milliseconds interval)
Build info: version: &apos;4.12.1&apos;, revision: &apos;8e34639b11&apos;
System info: os.name: &apos;Mac OS X&apos;, os.arch: &apos;aarch64&apos;, os.version: &apos;15.5&apos;, java.version: &apos;24.0.1&apos;
Driver info: org.openqa.selenium.chrome.ChromeDriver
Capabilities {acceptInsecureCerts: false, browserName: chrome, browserVersion: 138.0.7204.184, chrome: {chromedriverVersion: 138.0.7204.183 (e90faf484dd..., userDataDir: /var/folders/lq/1xzyyc29195...}, fedcm:accounts: true, goog:chromeOptions: {debuggerAddress: localhost:52018}, networkConnectionEnabled: false, pageLoadStrategy: normal, platformName: mac, proxy: Proxy(), se:cdp: ws://localhost:52018/devtoo..., se:cdpVersion: 138.0.7204.184, setWindowRect: true, strictFileInteractability: false, timeouts: {implicit: 0, pageLoad: 300000, script: 30000}, unhandledPromptBehavior: dismiss and notify, webauthn:extension:credBlob: true, webauthn:extension:largeBlob: true, webauthn:extension:minPinLength: true, webauthn:extension:prf: true, webauthn:virtualAuthenticators: true}
Session ID: 7290eedbef8034e9f2dce74fec2b47fa
	at org.openqa.selenium.support.ui.WebDriverWait.timeoutException(WebDriverWait.java:84)
	at org.openqa.selenium.support.ui.FluentWait.until(FluentWait.java:230)
	at ui.tests.TransferFundsTest.setUpTest(TransferFundsTest.java:34)
	at java.base/java.util.ArrayList.forEach(ArrayList.java:1604)
... Removed 29 stack frames
</div> <!-- stack-trace -->
                </div> <!-- method-content -->
              </div> <!-- method -->
            </div> <!-- main-panel-content rounded-window-bottom -->
          </div> <!-- suite-Parabank_Full_Stack_Automation_Suite-class-skipped -->
          <div class="suite-Parabank_Full_Stack_Automation_Suite-class-skipped">
            <div class="main-panel-header rounded-window-top">
              <img src="skipped.png"/>
              <span class="class-name">ui.tests.RequestLoanTest</span>
            </div> <!-- main-panel-header rounded-window-top -->
            <div class="main-panel-content rounded-window-bottom">
              <div class="method">
                <div class="method-content">
                  <a name="TC030_submitValidLoanRequest">
                  </a> <!-- TC030_submitValidLoanRequest -->
                  <span class="method-name">TC030_submitValidLoanRequest</span>
                  <div class="stack-trace">org.openqa.selenium.TimeoutException: Expected condition failed: waiting for visibility of element located by By.linkText: Request Loan (tried for 10 second(s) with 500 milliseconds interval)
Build info: version: &apos;4.12.1&apos;, revision: &apos;8e34639b11&apos;
System info: os.name: &apos;Mac OS X&apos;, os.arch: &apos;aarch64&apos;, os.version: &apos;15.5&apos;, java.version: &apos;24.0.1&apos;
Driver info: org.openqa.selenium.chrome.ChromeDriver
Capabilities {acceptInsecureCerts: false, browserName: chrome, browserVersion: 138.0.7204.184, chrome: {chromedriverVersion: 138.0.7204.183 (e90faf484dd..., userDataDir: /var/folders/lq/1xzyyc29195...}, fedcm:accounts: true, goog:chromeOptions: {debuggerAddress: localhost:52300}, networkConnectionEnabled: false, pageLoadStrategy: normal, platformName: mac, proxy: Proxy(), se:cdp: ws://localhost:52300/devtoo..., se:cdpVersion: 138.0.7204.184, setWindowRect: true, strictFileInteractability: false, timeouts: {implicit: 0, pageLoad: 300000, script: 30000}, unhandledPromptBehavior: dismiss and notify, webauthn:extension:credBlob: true, webauthn:extension:largeBlob: true, webauthn:extension:minPinLength: true, webauthn:extension:prf: true, webauthn:virtualAuthenticators: true}
Session ID: 5cc64d665c94f2edc07419ccb2406fbb
	at org.openqa.selenium.support.ui.WebDriverWait.timeoutException(WebDriverWait.java:84)
	at org.openqa.selenium.support.ui.FluentWait.until(FluentWait.java:230)
	at ui.tests.RequestLoanTest.setUpTest(RequestLoanTest.java:26)
	at java.base/java.util.ArrayList.forEach(ArrayList.java:1604)
... Removed 29 stack frames
</div> <!-- stack-trace -->
                </div> <!-- method-content -->
              </div> <!-- method -->
              <div class="method">
                <div class="method-content">
                  <a name="TC031_submitLoanWithHighDownPayment">
                  </a> <!-- TC031_submitLoanWithHighDownPayment -->
                  <span class="method-name">TC031_submitLoanWithHighDownPayment</span>
                  <div class="stack-trace">org.openqa.selenium.TimeoutException: Expected condition failed: waiting for visibility of element located by By.linkText: Request Loan (tried for 10 second(s) with 500 milliseconds interval)
Build info: version: &apos;4.12.1&apos;, revision: &apos;8e34639b11&apos;
System info: os.name: &apos;Mac OS X&apos;, os.arch: &apos;aarch64&apos;, os.version: &apos;15.5&apos;, java.version: &apos;24.0.1&apos;
Driver info: org.openqa.selenium.chrome.ChromeDriver
Capabilities {acceptInsecureCerts: false, browserName: chrome, browserVersion: 138.0.7204.184, chrome: {chromedriverVersion: 138.0.7204.183 (e90faf484dd..., userDataDir: /var/folders/lq/1xzyyc29195...}, fedcm:accounts: true, goog:chromeOptions: {debuggerAddress: localhost:52300}, networkConnectionEnabled: false, pageLoadStrategy: normal, platformName: mac, proxy: Proxy(), se:cdp: ws://localhost:52300/devtoo..., se:cdpVersion: 138.0.7204.184, setWindowRect: true, strictFileInteractability: false, timeouts: {implicit: 0, pageLoad: 300000, script: 30000}, unhandledPromptBehavior: dismiss and notify, webauthn:extension:credBlob: true, webauthn:extension:largeBlob: true, webauthn:extension:minPinLength: true, webauthn:extension:prf: true, webauthn:virtualAuthenticators: true}
Session ID: 5cc64d665c94f2edc07419ccb2406fbb
	at org.openqa.selenium.support.ui.WebDriverWait.timeoutException(WebDriverWait.java:84)
	at org.openqa.selenium.support.ui.FluentWait.until(FluentWait.java:230)
	at ui.tests.RequestLoanTest.setUpTest(RequestLoanTest.java:26)
	at java.base/java.util.ArrayList.forEach(ArrayList.java:1604)
... Removed 29 stack frames
</div> <!-- stack-trace -->
                </div> <!-- method-content -->
              </div> <!-- method -->
            </div> <!-- main-panel-content rounded-window-bottom -->
          </div> <!-- suite-Parabank_Full_Stack_Automation_Suite-class-skipped -->
          <div class="suite-Parabank_Full_Stack_Automation_Suite-class-skipped">
            <div class="main-panel-header rounded-window-top">
              <img src="skipped.png"/>
              <span class="class-name">ui.tests.BillPayTest</span>
            </div> <!-- main-panel-header rounded-window-top -->
            <div class="main-panel-content rounded-window-bottom">
              <div class="method">
                <div class="method-content">
                  <a name="TC026_verifyBillPayPageLoads">
                  </a> <!-- TC026_verifyBillPayPageLoads -->
                  <span class="method-name">TC026_verifyBillPayPageLoads</span>
                  <div class="stack-trace">org.openqa.selenium.TimeoutException: Expected condition failed: waiting for visibility of element located by By.linkText: Bill Pay (tried for 10 second(s) with 500 milliseconds interval)
Build info: version: &apos;4.12.1&apos;, revision: &apos;8e34639b11&apos;
System info: os.name: &apos;Mac OS X&apos;, os.arch: &apos;aarch64&apos;, os.version: &apos;15.5&apos;, java.version: &apos;24.0.1&apos;
Driver info: org.openqa.selenium.chrome.ChromeDriver
Capabilities {acceptInsecureCerts: false, browserName: chrome, browserVersion: 138.0.7204.184, chrome: {chromedriverVersion: 138.0.7204.183 (e90faf484dd..., userDataDir: /var/folders/lq/1xzyyc29195...}, fedcm:accounts: true, goog:chromeOptions: {debuggerAddress: localhost:52193}, networkConnectionEnabled: false, pageLoadStrategy: normal, platformName: mac, proxy: Proxy(), se:cdp: ws://localhost:52193/devtoo..., se:cdpVersion: 138.0.7204.184, setWindowRect: true, strictFileInteractability: false, timeouts: {implicit: 0, pageLoad: 300000, script: 30000}, unhandledPromptBehavior: dismiss and notify, webauthn:extension:credBlob: true, webauthn:extension:largeBlob: true, webauthn:extension:minPinLength: true, webauthn:extension:prf: true, webauthn:virtualAuthenticators: true}
Session ID: 9056b7395a9cbdc3de30a6ef736a9fc0
	at org.openqa.selenium.support.ui.WebDriverWait.timeoutException(WebDriverWait.java:84)
	at org.openqa.selenium.support.ui.FluentWait.until(FluentWait.java:230)
	at ui.tests.BillPayTest.setUpTest(BillPayTest.java:34)
	at java.base/java.util.ArrayList.forEach(ArrayList.java:1604)
... Removed 29 stack frames
</div> <!-- stack-trace -->
                </div> <!-- method-content -->
              </div> <!-- method -->
              <div class="method">
                <div class="method-content">
                  <a name="TC027_submitValidBillPayment">
                  </a> <!-- TC027_submitValidBillPayment -->
                  <span class="method-name">TC027_submitValidBillPayment</span>
                  <div class="stack-trace">org.openqa.selenium.TimeoutException: Expected condition failed: waiting for visibility of element located by By.linkText: Bill Pay (tried for 10 second(s) with 500 milliseconds interval)
Build info: version: &apos;4.12.1&apos;, revision: &apos;8e34639b11&apos;
System info: os.name: &apos;Mac OS X&apos;, os.arch: &apos;aarch64&apos;, os.version: &apos;15.5&apos;, java.version: &apos;24.0.1&apos;
Driver info: org.openqa.selenium.chrome.ChromeDriver
Capabilities {acceptInsecureCerts: false, browserName: chrome, browserVersion: 138.0.7204.184, chrome: {chromedriverVersion: 138.0.7204.183 (e90faf484dd..., userDataDir: /var/folders/lq/1xzyyc29195...}, fedcm:accounts: true, goog:chromeOptions: {debuggerAddress: localhost:52193}, networkConnectionEnabled: false, pageLoadStrategy: normal, platformName: mac, proxy: Proxy(), se:cdp: ws://localhost:52193/devtoo..., se:cdpVersion: 138.0.7204.184, setWindowRect: true, strictFileInteractability: false, timeouts: {implicit: 0, pageLoad: 300000, script: 30000}, unhandledPromptBehavior: dismiss and notify, webauthn:extension:credBlob: true, webauthn:extension:largeBlob: true, webauthn:extension:minPinLength: true, webauthn:extension:prf: true, webauthn:virtualAuthenticators: true}
Session ID: 9056b7395a9cbdc3de30a6ef736a9fc0
	at org.openqa.selenium.support.ui.WebDriverWait.timeoutException(WebDriverWait.java:84)
	at org.openqa.selenium.support.ui.FluentWait.until(FluentWait.java:230)
	at ui.tests.BillPayTest.setUpTest(BillPayTest.java:34)
	at java.base/java.util.ArrayList.forEach(ArrayList.java:1604)
... Removed 29 stack frames
</div> <!-- stack-trace -->
                </div> <!-- method-content -->
              </div> <!-- method -->
              <div class="method">
                <div class="method-content">
                  <a name="TC028_submitWithMismatchedAccountNumbers">
                  </a> <!-- TC028_submitWithMismatchedAccountNumbers -->
                  <span class="method-name">TC028_submitWithMismatchedAccountNumbers</span>
                  <div class="stack-trace">org.openqa.selenium.TimeoutException: Expected condition failed: waiting for visibility of element located by By.linkText: Bill Pay (tried for 10 second(s) with 500 milliseconds interval)
Build info: version: &apos;4.12.1&apos;, revision: &apos;8e34639b11&apos;
System info: os.name: &apos;Mac OS X&apos;, os.arch: &apos;aarch64&apos;, os.version: &apos;15.5&apos;, java.version: &apos;24.0.1&apos;
Driver info: org.openqa.selenium.chrome.ChromeDriver
Capabilities {acceptInsecureCerts: false, browserName: chrome, browserVersion: 138.0.7204.184, chrome: {chromedriverVersion: 138.0.7204.183 (e90faf484dd..., userDataDir: /var/folders/lq/1xzyyc29195...}, fedcm:accounts: true, goog:chromeOptions: {debuggerAddress: localhost:52193}, networkConnectionEnabled: false, pageLoadStrategy: normal, platformName: mac, proxy: Proxy(), se:cdp: ws://localhost:52193/devtoo..., se:cdpVersion: 138.0.7204.184, setWindowRect: true, strictFileInteractability: false, timeouts: {implicit: 0, pageLoad: 300000, script: 30000}, unhandledPromptBehavior: dismiss and notify, webauthn:extension:credBlob: true, webauthn:extension:largeBlob: true, webauthn:extension:minPinLength: true, webauthn:extension:prf: true, webauthn:virtualAuthenticators: true}
Session ID: 9056b7395a9cbdc3de30a6ef736a9fc0
	at org.openqa.selenium.support.ui.WebDriverWait.timeoutException(WebDriverWait.java:84)
	at org.openqa.selenium.support.ui.FluentWait.until(FluentWait.java:230)
	at ui.tests.BillPayTest.setUpTest(BillPayTest.java:34)
	at java.base/java.util.ArrayList.forEach(ArrayList.java:1604)
... Removed 29 stack frames
</div> <!-- stack-trace -->
                </div> <!-- method-content -->
              </div> <!-- method -->
            </div> <!-- main-panel-content rounded-window-bottom -->
          </div> <!-- suite-Parabank_Full_Stack_Automation_Suite-class-skipped -->
          <div class="suite-Parabank_Full_Stack_Automation_Suite-class-passed">
            <div class="main-panel-header rounded-window-top">
              <img src="passed.png"/>
              <span class="class-name">ui.tests.DemoTest</span>
            </div> <!-- main-panel-header rounded-window-top -->
            <div class="main-panel-content rounded-window-bottom">
              <div class="method">
                <div class="method-content">
                  <a name="verifyLaunch">
                  </a> <!-- verifyLaunch -->
                  <span class="method-name">verifyLaunch</span>
                </div> <!-- method-content -->
              </div> <!-- method -->
            </div> <!-- main-panel-content rounded-window-bottom -->
          </div> <!-- suite-Parabank_Full_Stack_Automation_Suite-class-passed -->
          <div class="suite-Parabank_Full_Stack_Automation_Suite-class-passed">
            <div class="main-panel-header rounded-window-top">
              <img src="passed.png"/>
              <span class="class-name">api.tests.LoginTest</span>
            </div> <!-- main-panel-header rounded-window-top -->
            <div class="main-panel-content rounded-window-bottom">
              <div class="method">
                <div class="method-content">
                  <a name="loginShouldReturnSuccess">
                  </a> <!-- loginShouldReturnSuccess -->
                  <span class="method-name">loginShouldReturnSuccess</span>
                </div> <!-- method-content -->
              </div> <!-- method -->
            </div> <!-- main-panel-content rounded-window-bottom -->
          </div> <!-- suite-Parabank_Full_Stack_Automation_Suite-class-passed -->
          <div class="suite-Parabank_Full_Stack_Automation_Suite-class-passed">
            <div class="main-panel-header rounded-window-top">
              <img src="passed.png"/>
              <span class="class-name">ui.tests.FooterLinkTest</span>
            </div> <!-- main-panel-header rounded-window-top -->
            <div class="main-panel-content rounded-window-bottom">
              <div class="method">
                <div class="method-content">
                  <a name="openAboutUsLinkInNewTab_TC009">
                  </a> <!-- openAboutUsLinkInNewTab_TC009 -->
                  <span class="method-name">openAboutUsLinkInNewTab_TC009</span>
                </div> <!-- method-content -->
              </div> <!-- method -->
              <div class="method">
                <div class="method-content">
                  <a name="openServicesLinkInNewTab_TC010">
                  </a> <!-- openServicesLinkInNewTab_TC010 -->
                  <span class="method-name">openServicesLinkInNewTab_TC010</span>
                </div> <!-- method-content -->
              </div> <!-- method -->
            </div> <!-- main-panel-content rounded-window-bottom -->
          </div> <!-- suite-Parabank_Full_Stack_Automation_Suite-class-passed -->
          <div class="suite-Parabank_Full_Stack_Automation_Suite-class-passed">
            <div class="main-panel-header rounded-window-top">
              <img src="passed.png"/>
              <span class="class-name">ui.tests.ForgotLogin</span>
            </div> <!-- main-panel-header rounded-window-top -->
            <div class="main-panel-content rounded-window-bottom">
              <div class="method">
                <div class="method-content">
                  <a name="incorrectSSNForgotLoginInfoTest_TC007">
                  </a> <!-- incorrectSSNForgotLoginInfoTest_TC007 -->
                  <span class="method-name">incorrectSSNForgotLoginInfoTest_TC007</span>
                </div> <!-- method-content -->
              </div> <!-- method -->
              <div class="method">
                <div class="method-content">
                  <a name="missingFieldsForgotLoginInfoTest_TC006">
                  </a> <!-- missingFieldsForgotLoginInfoTest_TC006 -->
                  <span class="method-name">missingFieldsForgotLoginInfoTest_TC006</span>
                </div> <!-- method-content -->
              </div> <!-- method -->
              <div class="method">
                <div class="method-content">
                  <a name="navigationToForgotLoginInfo_TC008">
                  </a> <!-- navigationToForgotLoginInfo_TC008 -->
                  <span class="method-name">navigationToForgotLoginInfo_TC008</span>
                </div> <!-- method-content -->
              </div> <!-- method -->
              <div class="method">
                <div class="method-content">
                  <a name="validForgotLoginInfoTest_TC005">
                  </a> <!-- validForgotLoginInfoTest_TC005 -->
                  <span class="method-name">validForgotLoginInfoTest_TC005</span>
                </div> <!-- method-content -->
              </div> <!-- method -->
            </div> <!-- main-panel-content rounded-window-bottom -->
          </div> <!-- suite-Parabank_Full_Stack_Automation_Suite-class-passed -->
          <div class="suite-Parabank_Full_Stack_Automation_Suite-class-passed">
            <div class="main-panel-header rounded-window-top">
              <img src="passed.png"/>
              <span class="class-name">ui.tests.RegisterTest</span>
            </div> <!-- main-panel-header rounded-window-top -->
            <div class="main-panel-content rounded-window-bottom">
              <div class="method">
                <div class="method-content">
                  <a name="TC014_registerWithMissingFields">
                  </a> <!-- TC014_registerWithMissingFields -->
                  <span class="method-name">TC014_registerWithMissingFields</span>
                </div> <!-- method-content -->
              </div> <!-- method -->
              <div class="method">
                <div class="method-content">
                  <a name="TC015_registerWithPasswordMismatch">
                  </a> <!-- TC015_registerWithPasswordMismatch -->
                  <span class="method-name">TC015_registerWithPasswordMismatch</span>
                </div> <!-- method-content -->
              </div> <!-- method -->
            </div> <!-- main-panel-content rounded-window-bottom -->
          </div> <!-- suite-Parabank_Full_Stack_Automation_Suite-class-passed -->
          <div class="suite-Parabank_Full_Stack_Automation_Suite-class-passed">
            <div class="main-panel-header rounded-window-top">
              <img src="passed.png"/>
              <span class="class-name">api.tests.AccountsTest</span>
            </div> <!-- main-panel-header rounded-window-top -->
            <div class="main-panel-content rounded-window-bottom">
              <div class="method">
                <div class="method-content">
                  <a name="getAccountsShouldReturnList">
                  </a> <!-- getAccountsShouldReturnList -->
                  <span class="method-name">getAccountsShouldReturnList</span>
                </div> <!-- method-content -->
              </div> <!-- method -->
            </div> <!-- main-panel-content rounded-window-bottom -->
          </div> <!-- suite-Parabank_Full_Stack_Automation_Suite-class-passed -->
          <div class="suite-Parabank_Full_Stack_Automation_Suite-class-passed">
            <div class="main-panel-header rounded-window-top">
              <img src="passed.png"/>
              <span class="class-name">ui.tests.CustomeCareTest</span>
            </div> <!-- main-panel-header rounded-window-top -->
            <div class="main-panel-content rounded-window-bottom">
              <div class="method">
                <div class="method-content">
                  <a name="TC018_verifyCustomerCareNavigation">
                  </a> <!-- TC018_verifyCustomerCareNavigation -->
                  <span class="method-name">TC018_verifyCustomerCareNavigation</span>
                </div> <!-- method-content -->
              </div> <!-- method -->
              <div class="method">
                <div class="method-content">
                  <a name="TC019_submitValidCustomerCareForm">
                  </a> <!-- TC019_submitValidCustomerCareForm -->
                  <span class="method-name">TC019_submitValidCustomerCareForm</span>
                </div> <!-- method-content -->
              </div> <!-- method -->
              <div class="method">
                <div class="method-content">
                  <a name="TC020_submitWithoutMandatoryFields">
                  </a> <!-- TC020_submitWithoutMandatoryFields -->
                  <span class="method-name">TC020_submitWithoutMandatoryFields</span>
                </div> <!-- method-content -->
              </div> <!-- method -->
            </div> <!-- main-panel-content rounded-window-bottom -->
          </div> <!-- suite-Parabank_Full_Stack_Automation_Suite-class-passed -->
          <div class="suite-Parabank_Full_Stack_Automation_Suite-class-passed">
            <div class="main-panel-header rounded-window-top">
              <img src="passed.png"/>
              <span class="class-name">ui.tests.LoginTest</span>
            </div> <!-- main-panel-header rounded-window-top -->
            <div class="main-panel-content rounded-window-bottom">
              <div class="method">
                <div class="method-content">
                  <a name="blankCredentialsTest">
                  </a> <!-- blankCredentialsTest -->
                  <span class="method-name">blankCredentialsTest</span>
                </div> <!-- method-content -->
              </div> <!-- method -->
            </div> <!-- main-panel-content rounded-window-bottom -->
          </div> <!-- suite-Parabank_Full_Stack_Automation_Suite-class-passed -->
          <div class="suite-Parabank_Full_Stack_Automation_Suite-class-passed">
            <div class="main-panel-header rounded-window-top">
              <img src="passed.png"/>
              <span class="class-name">api.tests.TransferFundsTest</span>
            </div> <!-- main-panel-header rounded-window-top -->
            <div class="main-panel-content rounded-window-bottom">
              <div class="method">
                <div class="method-content">
                  <a name="transferShouldReturnSuccess">
                  </a> <!-- transferShouldReturnSuccess -->
                  <span class="method-name">transferShouldReturnSuccess</span>
                </div> <!-- method-content -->
              </div> <!-- method -->
            </div> <!-- main-panel-content rounded-window-bottom -->
          </div> <!-- suite-Parabank_Full_Stack_Automation_Suite-class-passed -->
        </div> <!-- panel Parabank_Full_Stack_Automation_Suite -->
        <div panel-name="test-xml-Parabank_Full_Stack_Automation_Suite" class="panel">
          <div class="main-panel-header rounded-window-top">
            <span class="header-content">/Users/hoyupop/Documents/Project/Parabank-Automation/testng.xml</span>
          </div> <!-- main-panel-header rounded-window-top -->
          <div class="main-panel-content rounded-window-bottom">
            <pre>
&lt;?xml version=&quot;1.0&quot; encoding=&quot;UTF-8&quot;?&gt;
&lt;!DOCTYPE suite SYSTEM &quot;https://testng.org/testng-1.0.dtd&quot;&gt;
&lt;suite name=&quot;Parabank Full Stack Automation Suite&quot; guice-stage=&quot;DEVELOPMENT&quot;&gt;
  &lt;test thread-count=&quot;5&quot; name=&quot;UI Tests&quot;&gt;
    &lt;packages&gt;
      &lt;package name=&quot;ui.tests&quot;/&gt;
    &lt;/packages&gt;
    &lt;classes&gt;
      &lt;class name=&quot;ui.tests.FooterLinkTest&quot;/&gt;
      &lt;class name=&quot;ui.tests.DemoTest&quot;/&gt;
      &lt;class name=&quot;ui.tests.ForgotLogin&quot;/&gt;
      &lt;class name=&quot;ui.tests.TransferFundsTest&quot;/&gt;
      &lt;class name=&quot;ui.tests.CustomeCareTest&quot;/&gt;
      &lt;class name=&quot;ui.tests.OpenAccountTest&quot;/&gt;
      &lt;class name=&quot;ui.tests.BillPayTest&quot;/&gt;
      &lt;class name=&quot;ui.tests.LoginTest&quot;/&gt;
      &lt;class name=&quot;ui.tests.RequestLoanTest&quot;/&gt;
      &lt;class name=&quot;ui.tests.AccountOverviewTest&quot;/&gt;
      &lt;class name=&quot;ui.tests.RegisterTest&quot;/&gt;
    &lt;/classes&gt;
  &lt;/test&gt; &lt;!-- UI Tests --&gt;
  &lt;test thread-count=&quot;5&quot; name=&quot;API Tests&quot;&gt;
    &lt;packages&gt;
      &lt;package name=&quot;api.tests&quot;/&gt;
    &lt;/packages&gt;
    &lt;classes&gt;
      &lt;class name=&quot;api.tests.TransferFundsTest&quot;/&gt;
      &lt;class name=&quot;api.tests.LoginTest&quot;/&gt;
      &lt;class name=&quot;api.tests.AccountsTest&quot;/&gt;
    &lt;/classes&gt;
  &lt;/test&gt; &lt;!-- API Tests --&gt;
&lt;/suite&gt; &lt;!-- Parabank Full Stack Automation Suite --&gt;
            </pre>
          </div> <!-- main-panel-content rounded-window-bottom -->
        </div> <!-- panel -->
        <div panel-name="testlist-Parabank_Full_Stack_Automation_Suite" class="panel">
          <div class="main-panel-header rounded-window-top">
            <span class="header-content">Tests for Parabank Full Stack Automation Suite</span>
          </div> <!-- main-panel-header rounded-window-top -->
          <div class="main-panel-content rounded-window-bottom">
            <ul>
              <li>
                <span class="test-name">UI Tests (11 classes)</span>
              </li>
              <li>
                <span class="test-name">API Tests (3 classes)</span>
              </li>
            </ul>
          </div> <!-- main-panel-content rounded-window-bottom -->
        </div> <!-- panel -->
        <div panel-name="group-Parabank_Full_Stack_Automation_Suite" class="panel">
          <div class="main-panel-header rounded-window-top">
            <span class="header-content">Groups for Parabank Full Stack Automation Suite</span>
          </div> <!-- main-panel-header rounded-window-top -->
          <div class="main-panel-content rounded-window-bottom">
          </div> <!-- main-panel-content rounded-window-bottom -->
        </div> <!-- panel -->
        <div panel-name="times-Parabank_Full_Stack_Automation_Suite" class="panel">
          <div class="main-panel-header rounded-window-top">
            <span class="header-content">Times for Parabank Full Stack Automation Suite</span>
          </div> <!-- main-panel-header rounded-window-top -->
          <div class="main-panel-content rounded-window-bottom">
            <div class="times-div">
              <script type="text/javascript">
suiteTableInitFunctions.push('tableData_Parabank_Full_Stack_Automation_Suite');
function tableData_Parabank_Full_Stack_Automation_Suite() {
var data = new google.visualization.DataTable();
data.addColumn('number', 'Number');
data.addColumn('string', 'Method');
data.addColumn('string', 'Class');
data.addColumn('number', 'Time (ms)');
data.addRows(33);
data.setCell(0, 0, 0)
data.setCell(0, 1, 'TC020_submitWithoutMandatoryFields')
data.setCell(0, 2, 'ui.tests.CustomeCareTest')
data.setCell(0, 3, 6024);
data.setCell(1, 0, 1)
data.setCell(1, 1, 'TC013_registerWithValidDetails')
data.setCell(1, 2, 'ui.tests.RegisterTest')
data.setCell(1, 3, 3150);
data.setCell(2, 0, 2)
data.setCell(2, 1, 'openAboutUsLinkInNewTab_TC009')
data.setCell(2, 2, 'ui.tests.FooterLinkTest')
data.setCell(2, 3, 2566);
data.setCell(3, 0, 3)
data.setCell(3, 1, 'blankCredentialsTest')
data.setCell(3, 2, 'ui.tests.LoginTest')
data.setCell(3, 3, 2291);
data.setCell(4, 0, 4)
data.setCell(4, 1, 'TC021_viewAccountsOverviewSuccessfully')
data.setCell(4, 2, 'ui.tests.AccountOverviewTest')
data.setCell(4, 3, 2149);
data.setCell(5, 0, 5)
data.setCell(5, 1, 'validForgotLoginInfoTest_TC005')
data.setCell(5, 2, 'ui.tests.ForgotLogin')
data.setCell(5, 3, 1911);
data.setCell(6, 0, 6)
data.setCell(6, 1, 'TC019_submitValidCustomerCareForm')
data.setCell(6, 2, 'ui.tests.CustomeCareTest')
data.setCell(6, 3, 1784);
data.setCell(7, 0, 7)
data.setCell(7, 1, 'openServicesLinkInNewTab_TC010')
data.setCell(7, 2, 'ui.tests.FooterLinkTest')
data.setCell(7, 3, 1781);
data.setCell(8, 0, 8)
data.setCell(8, 1, 'incorrectSSNForgotLoginInfoTest_TC007')
data.setCell(8, 2, 'ui.tests.ForgotLogin')
data.setCell(8, 3, 1549);
data.setCell(9, 0, 9)
data.setCell(9, 1, 'navigationToForgotLoginInfo_TC008')
data.setCell(9, 2, 'ui.tests.ForgotLogin')
data.setCell(9, 3, 1265);
data.setCell(10, 0, 10)
data.setCell(10, 1, 'transferShouldReturnSuccess')
data.setCell(10, 2, 'api.tests.TransferFundsTest')
data.setCell(10, 3, 1216);
data.setCell(11, 0, 11)
data.setCell(11, 1, 'TC015_registerWithPasswordMismatch')
data.setCell(11, 2, 'ui.tests.RegisterTest')
data.setCell(11, 3, 1192);
data.setCell(12, 0, 12)
data.setCell(12, 1, 'missingFieldsForgotLoginInfoTest_TC006')
data.setCell(12, 2, 'ui.tests.ForgotLogin')
data.setCell(12, 3, 957);
data.setCell(13, 0, 13)
data.setCell(13, 1, 'InvalidLoginTest')
data.setCell(13, 2, 'ui.tests.LoginTest')
data.setCell(13, 3, 956);
data.setCell(14, 0, 14)
data.setCell(14, 1, 'TC022_verifyAccountNumbersDisplayed')
data.setCell(14, 2, 'ui.tests.AccountOverviewTest')
data.setCell(14, 3, 942);
data.setCell(15, 0, 15)
data.setCell(15, 1, 'TC014_registerWithMissingFields')
data.setCell(15, 2, 'ui.tests.RegisterTest')
data.setCell(15, 3, 938);
data.setCell(16, 0, 16)
data.setCell(16, 1, 'TC018_openCheckingAccount')
data.setCell(16, 2, 'ui.tests.OpenAccountTest')
data.setCell(16, 3, 835);
data.setCell(17, 0, 17)
data.setCell(17, 1, 'loginShouldReturnSuccess')
data.setCell(17, 2, 'api.tests.LoginTest')
data.setCell(17, 3, 816);
data.setCell(18, 0, 18)
data.setCell(18, 1, 'getAccountsShouldReturnList')
data.setCell(18, 2, 'api.tests.AccountsTest')
data.setCell(18, 3, 768);
data.setCell(19, 0, 19)
data.setCell(19, 1, 'invalidPasswordTest')
data.setCell(19, 2, 'ui.tests.LoginTest')
data.setCell(19, 3, 608);
data.setCell(20, 0, 20)
data.setCell(20, 1, 'TC017_openSavingsAccount')
data.setCell(20, 2, 'ui.tests.OpenAccountTest')
data.setCell(20, 3, 601);
data.setCell(21, 0, 21)
data.setCell(21, 1, 'TC020_negativeOpenAccountWithoutFromAccount')
data.setCell(21, 2, 'ui.tests.OpenAccountTest')
data.setCell(21, 3, 583);
data.setCell(22, 0, 22)
data.setCell(22, 1, 'TC019_verifyAccountNumberDisplayed')
data.setCell(22, 2, 'ui.tests.OpenAccountTest')
data.setCell(22, 3, 554);
data.setCell(23, 0, 23)
data.setCell(23, 1, 'TC018_verifyCustomerCareNavigation')
data.setCell(23, 2, 'ui.tests.CustomeCareTest')
data.setCell(23, 3, 511);
data.setCell(24, 0, 24)
data.setCell(24, 1, 'validLoginTest')
data.setCell(24, 2, 'ui.tests.LoginTest')
data.setCell(24, 3, 123);
data.setCell(25, 0, 25)
data.setCell(25, 1, 'verifyLaunch')
data.setCell(25, 2, 'ui.tests.DemoTest')
data.setCell(25, 3, 9);
data.setCell(26, 0, 26)
data.setCell(26, 1, 'TC027_submitValidBillPayment')
data.setCell(26, 2, 'ui.tests.BillPayTest')
data.setCell(26, 3, 0);
data.setCell(27, 0, 27)
data.setCell(27, 1, 'TC025_verifySuccessfulFundTransfer')
data.setCell(27, 2, 'ui.tests.TransferFundsTest')
data.setCell(27, 3, 0);
data.setCell(28, 0, 28)
data.setCell(28, 1, 'TC031_submitLoanWithHighDownPayment')
data.setCell(28, 2, 'ui.tests.RequestLoanTest')
data.setCell(28, 3, 0);
data.setCell(29, 0, 29)
data.setCell(29, 1, 'TC026_verifyBillPayPageLoads')
data.setCell(29, 2, 'ui.tests.BillPayTest')
data.setCell(29, 3, 0);
data.setCell(30, 0, 30)
data.setCell(30, 1, 'TC030_submitValidLoanRequest')
data.setCell(30, 2, 'ui.tests.RequestLoanTest')
data.setCell(30, 3, 0);
data.setCell(31, 0, 31)
data.setCell(31, 1, 'TC024_verifyTransferFundsPageLoads')
data.setCell(31, 2, 'ui.tests.TransferFundsTest')
data.setCell(31, 3, 0);
data.setCell(32, 0, 32)
data.setCell(32, 1, 'TC028_submitWithMismatchedAccountNumbers')
data.setCell(32, 2, 'ui.tests.BillPayTest')
data.setCell(32, 3, 0);
window.suiteTableData['Parabank_Full_Stack_Automation_Suite']= { tableData: data, tableDiv: 'times-div-Parabank_Full_Stack_Automation_Suite'}
return data;
}
              </script>
              <span class="suite-total-time">Total running time: 36 seconds</span>
              <div id="times-div-Parabank_Full_Stack_Automation_Suite">
              </div> <!-- times-div-Parabank_Full_Stack_Automation_Suite -->
            </div> <!-- times-div -->
          </div> <!-- main-panel-content rounded-window-bottom -->
        </div> <!-- panel -->
        <div panel-name="reporter-Parabank_Full_Stack_Automation_Suite" class="panel">
          <div class="main-panel-header rounded-window-top">
            <span class="header-content">Reporter output for Parabank Full Stack Automation Suite</span>
          </div> <!-- main-panel-header rounded-window-top -->
          <div class="main-panel-content rounded-window-bottom">
          </div> <!-- main-panel-content rounded-window-bottom -->
        </div> <!-- panel -->
        <div panel-name="ignored-methods-Parabank_Full_Stack_Automation_Suite" class="panel">
          <div class="main-panel-header rounded-window-top">
            <span class="header-content">0 ignored methods</span>
          </div> <!-- main-panel-header rounded-window-top -->
          <div class="main-panel-content rounded-window-bottom">
          </div> <!-- main-panel-content rounded-window-bottom -->
        </div> <!-- panel -->
        <div panel-name="chronological-Parabank_Full_Stack_Automation_Suite" class="panel">
          <div class="main-panel-header rounded-window-top">
            <span class="header-content">Methods in chronological order</span>
          </div> <!-- main-panel-header rounded-window-top -->
          <div class="main-panel-content rounded-window-bottom">
            <div class="chronological-class">
              <div class="chronological-class-name">ui.tests.FooterLinkTest</div> <!-- chronological-class-name -->
              <div class="configuration-method before">
                <span class="method-name">setup</span>
                <span class="method-start">0 ms</span>
              </div> <!-- configuration-method before -->
              <div class="test-method">
                <span class="method-name">openAboutUsLinkInNewTab_TC009</span>
                <span class="method-start">10309 ms</span>
              </div> <!-- test-method -->
              <div class="configuration-method after">
                <span class="method-name">tearDown</span>
                <span class="method-start">12877 ms</span>
              </div> <!-- configuration-method after -->
              <div class="configuration-method before">
                <span class="method-name">setup</span>
                <span class="method-start">12987 ms</span>
              </div> <!-- configuration-method before -->
              <div class="test-method">
                <span class="method-name">openServicesLinkInNewTab_TC010</span>
                <span class="method-start">17171 ms</span>
              </div> <!-- test-method -->
              <div class="configuration-method after">
                <span class="method-name">tearDown</span>
                <span class="method-start">18953 ms</span>
              </div> <!-- configuration-method after -->
            </div> <!-- chronological-class -->
            <div class="chronological-class">
              <div class="chronological-class-name">ui.tests.DemoTest</div> <!-- chronological-class-name -->
              <div class="configuration-method before">
                <span class="method-name">setup</span>
                <span class="method-start">19062 ms</span>
              </div> <!-- configuration-method before -->
              <div class="test-method">
                <span class="method-name">verifyLaunch</span>
                <span class="method-start">23059 ms</span>
              </div> <!-- test-method -->
              <div class="configuration-method after">
                <span class="method-name">tearDown</span>
                <span class="method-start">23069 ms</span>
              </div> <!-- configuration-method after -->
            </div> <!-- chronological-class -->
            <div class="chronological-class">
              <div class="chronological-class-name">ui.tests.ForgotLogin</div> <!-- chronological-class-name -->
              <div class="configuration-method before">
                <span class="method-name">setup</span>
                <span class="method-start">23178 ms</span>
              </div> <!-- configuration-method before -->
              <div class="test-method">
                <span class="method-name">validForgotLoginInfoTest_TC005</span>
                <span class="method-start">26933 ms</span>
              </div> <!-- test-method -->
              <div class="configuration-method after">
                <span class="method-name">tearDown</span>
                <span class="method-start">28845 ms</span>
              </div> <!-- configuration-method after -->
              <div class="configuration-method before">
                <span class="method-name">setup</span>
                <span class="method-start">28956 ms</span>
              </div> <!-- configuration-method before -->
              <div class="test-method">
                <span class="method-name">missingFieldsForgotLoginInfoTest_TC006</span>
                <span class="method-start">33041 ms</span>
              </div> <!-- test-method -->
              <div class="configuration-method after">
                <span class="method-name">tearDown</span>
                <span class="method-start">33999 ms</span>
              </div> <!-- configuration-method after -->
              <div class="configuration-method before">
                <span class="method-name">setup</span>
                <span class="method-start">34109 ms</span>
              </div> <!-- configuration-method before -->
              <div class="test-method">
                <span class="method-name">incorrectSSNForgotLoginInfoTest_TC007</span>
                <span class="method-start">37651 ms</span>
              </div> <!-- test-method -->
              <div class="configuration-method after">
                <span class="method-name">tearDown</span>
                <span class="method-start">39202 ms</span>
              </div> <!-- configuration-method after -->
              <div class="configuration-method before">
                <span class="method-name">setup</span>
                <span class="method-start">39325 ms</span>
              </div> <!-- configuration-method before -->
              <div class="test-method">
                <span class="method-name">navigationToForgotLoginInfo_TC008</span>
                <span class="method-start">43076 ms</span>
              </div> <!-- test-method -->
              <div class="configuration-method after">
                <span class="method-name">tearDown</span>
                <span class="method-start">44342 ms</span>
              </div> <!-- configuration-method after -->
            </div> <!-- chronological-class -->
            <div class="chronological-class">
              <div class="chronological-class-name">ui.tests.TransferFundsTest</div> <!-- chronological-class-name -->
              <div class="configuration-method before">
                <span class="method-name">setup</span>
                <span class="method-start">44452 ms</span>
              </div> <!-- configuration-method before -->
              <div class="configuration-method before">
                <img src="failed.png">
                </img>
                <span class="method-name">setUpTest</span>
                <span class="method-start">48001 ms</span>
              </div> <!-- configuration-method before -->
              <div class="configuration-method before">
                <span class="method-name">setUpTest</span>
                <span class="method-start">59286 ms</span>
              </div> <!-- configuration-method before -->
              <div class="configuration-method before">
                <span class="method-name">setup</span>
                <span class="method-start">59286 ms</span>
              </div> <!-- configuration-method before -->
            </div> <!-- chronological-class -->
            <div class="chronological-class">
              <div class="chronological-class-name">ui.tests.CustomeCareTest</div> <!-- chronological-class-name -->
              <div class="configuration-method before">
                <span class="method-name">setup</span>
                <span class="method-start">59289 ms</span>
              </div> <!-- configuration-method before -->
              <div class="test-method">
                <span class="method-name">TC018_verifyCustomerCareNavigation</span>
                <span class="method-start">62531 ms</span>
              </div> <!-- test-method -->
              <div class="configuration-method after">
                <span class="method-name">tearDown</span>
                <span class="method-start">63043 ms</span>
              </div> <!-- configuration-method after -->
              <div class="configuration-method before">
                <span class="method-name">setup</span>
                <span class="method-start">63156 ms</span>
              </div> <!-- configuration-method before -->
              <div class="test-method">
                <span class="method-name">TC019_submitValidCustomerCareForm</span>
                <span class="method-start">67315 ms</span>
              </div> <!-- test-method -->
              <div class="configuration-method after">
                <span class="method-name">tearDown</span>
                <span class="method-start">69100 ms</span>
              </div> <!-- configuration-method after -->
              <div class="configuration-method before">
                <span class="method-name">setup</span>
                <span class="method-start">69211 ms</span>
              </div> <!-- configuration-method before -->
              <div class="test-method">
                <span class="method-name">TC020_submitWithoutMandatoryFields</span>
                <span class="method-start">73387 ms</span>
              </div> <!-- test-method -->
              <div class="configuration-method after">
                <span class="method-name">tearDown</span>
                <span class="method-start">79412 ms</span>
              </div> <!-- configuration-method after -->
            </div> <!-- chronological-class -->
            <div class="chronological-class">
              <div class="chronological-class-name">ui.tests.OpenAccountTest</div> <!-- chronological-class-name -->
              <div class="configuration-method before">
                <span class="method-name">setup</span>
                <span class="method-start">79547 ms</span>
              </div> <!-- configuration-method before -->
              <div class="test-method">
                <img src="failed.png">
                </img>
                <span class="method-name">TC017_openSavingsAccount</span>
                <span class="method-start">83217 ms</span>
              </div> <!-- test-method -->
              <div class="configuration-method after">
                <span class="method-name">tearDown</span>
                <span class="method-start">83819 ms</span>
              </div> <!-- configuration-method after -->
              <div class="configuration-method before">
                <span class="method-name">setup</span>
                <span class="method-start">83934 ms</span>
              </div> <!-- configuration-method before -->
              <div class="test-method">
                <img src="failed.png">
                </img>
                <span class="method-name">TC018_openCheckingAccount</span>
                <span class="method-start">87722 ms</span>
              </div> <!-- test-method -->
              <div class="configuration-method after">
                <span class="method-name">tearDown</span>
                <span class="method-start">88558 ms</span>
              </div> <!-- configuration-method after -->
              <div class="configuration-method before">
                <span class="method-name">setup</span>
                <span class="method-start">88676 ms</span>
              </div> <!-- configuration-method before -->
              <div class="test-method">
                <img src="failed.png">
                </img>
                <span class="method-name">TC019_verifyAccountNumberDisplayed</span>
                <span class="method-start">91752 ms</span>
              </div> <!-- test-method -->
              <div class="configuration-method after">
                <span class="method-name">tearDown</span>
                <span class="method-start">92307 ms</span>
              </div> <!-- configuration-method after -->
              <div class="configuration-method before">
                <span class="method-name">setup</span>
                <span class="method-start">92418 ms</span>
              </div> <!-- configuration-method before -->
              <div class="test-method">
                <img src="failed.png">
                </img>
                <span class="method-name">TC020_negativeOpenAccountWithoutFromAccount</span>
                <span class="method-start">95947 ms</span>
              </div> <!-- test-method -->
              <div class="configuration-method after">
                <span class="method-name">tearDown</span>
                <span class="method-start">96531 ms</span>
              </div> <!-- configuration-method after -->
            </div> <!-- chronological-class -->
            <div class="chronological-class">
              <div class="chronological-class-name">ui.tests.BillPayTest</div> <!-- chronological-class-name -->
              <div class="configuration-method before">
                <span class="method-name">setup</span>
                <span class="method-start">96642 ms</span>
              </div> <!-- configuration-method before -->
              <div class="configuration-method before">
                <img src="failed.png">
                </img>
                <span class="method-name">setUpTest</span>
                <span class="method-start">99832 ms</span>
              </div> <!-- configuration-method before -->
              <div class="configuration-method before">
                <span class="method-name">setup</span>
                <span class="method-start">110872 ms</span>
              </div> <!-- configuration-method before -->
              <div class="configuration-method before">
                <span class="method-name">setUpTest</span>
                <span class="method-start">110873 ms</span>
              </div> <!-- configuration-method before -->
              <div class="configuration-method before">
                <span class="method-name">setup</span>
                <span class="method-start">110875 ms</span>
              </div> <!-- configuration-method before -->
              <div class="configuration-method before">
                <span class="method-name">setUpTest</span>
                <span class="method-start">110875 ms</span>
              </div> <!-- configuration-method before -->
            </div> <!-- chronological-class -->
            <div class="chronological-class">
              <div class="chronological-class-name">ui.tests.LoginTest</div> <!-- chronological-class-name -->
              <div class="configuration-method before">
                <span class="method-name">setup</span>
                <span class="method-start">110877 ms</span>
              </div> <!-- configuration-method before -->
              <div class="test-method">
                <img src="failed.png">
                </img>
                <span class="method-name">validLoginTest</span>
                <span class="method-start">115645 ms</span>
              </div> <!-- test-method -->
              <div class="configuration-method after">
                <span class="method-name">tearDown</span>
                <span class="method-start">115769 ms</span>
              </div> <!-- configuration-method after -->
              <div class="configuration-method before">
                <span class="method-name">setup</span>
                <span class="method-start">115873 ms</span>
              </div> <!-- configuration-method before -->
              <div class="test-method">
                <img src="failed.png">
                </img>
                <span class="method-name">InvalidLoginTest</span>
                <span class="method-start">119875 ms</span>
              </div> <!-- test-method -->
              <div class="configuration-method after">
                <span class="method-name">tearDown</span>
                <span class="method-start">120832 ms</span>
              </div> <!-- configuration-method after -->
              <div class="configuration-method before">
                <span class="method-name">setup</span>
                <span class="method-start">120943 ms</span>
              </div> <!-- configuration-method before -->
              <div class="test-method">
                <img src="failed.png">
                </img>
                <span class="method-name">invalidPasswordTest</span>
                <span class="method-start">124485 ms</span>
              </div> <!-- test-method -->
              <div class="configuration-method after">
                <span class="method-name">tearDown</span>
                <span class="method-start">125094 ms</span>
              </div> <!-- configuration-method after -->
              <div class="configuration-method before">
                <span class="method-name">setup</span>
                <span class="method-start">125206 ms</span>
              </div> <!-- configuration-method before -->
              <div class="test-method">
                <span class="method-name">blankCredentialsTest</span>
                <span class="method-start">127110 ms</span>
              </div> <!-- test-method -->
              <div class="configuration-method after">
                <span class="method-name">tearDown</span>
                <span class="method-start">129401 ms</span>
              </div> <!-- configuration-method after -->
            </div> <!-- chronological-class -->
            <div class="chronological-class">
              <div class="chronological-class-name">ui.tests.RequestLoanTest</div> <!-- chronological-class-name -->
              <div class="configuration-method before">
                <span class="method-name">setup</span>
                <span class="method-start">129527 ms</span>
              </div> <!-- configuration-method before -->
              <div class="configuration-method before">
                <img src="failed.png">
                </img>
                <span class="method-name">setUpTest</span>
                <span class="method-start">133070 ms</span>
              </div> <!-- configuration-method before -->
              <div class="configuration-method before">
                <span class="method-name">setup</span>
                <span class="method-start">144185 ms</span>
              </div> <!-- configuration-method before -->
              <div class="configuration-method before">
                <span class="method-name">setUpTest</span>
                <span class="method-start">144186 ms</span>
              </div> <!-- configuration-method before -->
            </div> <!-- chronological-class -->
            <div class="chronological-class">
              <div class="chronological-class-name">ui.tests.AccountOverviewTest</div> <!-- chronological-class-name -->
              <div class="configuration-method before">
                <span class="method-name">setup</span>
                <span class="method-start">144187 ms</span>
              </div> <!-- configuration-method before -->
              <div class="test-method">
                <img src="failed.png">
                </img>
                <span class="method-name">TC021_viewAccountsOverviewSuccessfully</span>
                <span class="method-start">146653 ms</span>
              </div> <!-- test-method -->
              <div class="configuration-method after">
                <span class="method-name">tearDown</span>
                <span class="method-start">148803 ms</span>
              </div> <!-- configuration-method after -->
              <div class="configuration-method before">
                <span class="method-name">setup</span>
                <span class="method-start">148912 ms</span>
              </div> <!-- configuration-method before -->
              <div class="test-method">
                <img src="failed.png">
                </img>
                <span class="method-name">TC022_verifyAccountNumbersDisplayed</span>
                <span class="method-start">152408 ms</span>
              </div> <!-- test-method -->
              <div class="configuration-method after">
                <span class="method-name">tearDown</span>
                <span class="method-start">153351 ms</span>
              </div> <!-- configuration-method after -->
            </div> <!-- chronological-class -->
            <div class="chronological-class">
              <div class="chronological-class-name">ui.tests.RegisterTest</div> <!-- chronological-class-name -->
              <div class="configuration-method before">
                <span class="method-name">setup</span>
                <span class="method-start">153461 ms</span>
              </div> <!-- configuration-method before -->
              <div class="test-method">
                <span class="method-name">TC014_registerWithMissingFields</span>
                <span class="method-start">157456 ms</span>
              </div> <!-- test-method -->
              <div class="configuration-method after">
                <span class="method-name">tearDown</span>
                <span class="method-start">158395 ms</span>
              </div> <!-- configuration-method after -->
              <div class="configuration-method before">
                <span class="method-name">setup</span>
                <span class="method-start">158505 ms</span>
              </div> <!-- configuration-method before -->
              <div class="test-method">
                <img src="failed.png">
                </img>
                <span class="method-name">TC013_registerWithValidDetails</span>
                <span class="method-start">162681 ms</span>
              </div> <!-- test-method -->
              <div class="configuration-method after">
                <span class="method-name">tearDown</span>
                <span class="method-start">165832 ms</span>
              </div> <!-- configuration-method after -->
              <div class="configuration-method before">
                <span class="method-name">setup</span>
                <span class="method-start">165970 ms</span>
              </div> <!-- configuration-method before -->
              <div class="test-method">
                <span class="method-name">TC015_registerWithPasswordMismatch</span>
                <span class="method-start">170563 ms</span>
              </div> <!-- test-method -->
              <div class="configuration-method after">
                <span class="method-name">tearDown</span>
                <span class="method-start">171756 ms</span>
              </div> <!-- configuration-method after -->
            </div> <!-- chronological-class -->
            <div class="chronological-class">
              <div class="chronological-class-name">api.tests.TransferFundsTest</div> <!-- chronological-class-name -->
              <div class="configuration-class before">
                <span class="method-name">setup</span>
                <span class="method-start">176918 ms</span>
              </div> <!-- configuration-class before -->
              <div class="test-method">
                <span class="method-name">transferShouldReturnSuccess</span>
                <span class="method-start">177060 ms</span>
              </div> <!-- test-method -->
            </div> <!-- chronological-class -->
            <div class="chronological-class">
              <div class="chronological-class-name">api.tests.LoginTest</div> <!-- chronological-class-name -->
              <div class="configuration-class before">
                <span class="method-name">setup</span>
                <span class="method-start">178277 ms</span>
              </div> <!-- configuration-class before -->
              <div class="test-method">
                <span class="method-name">loginShouldReturnSuccess</span>
                <span class="method-start">178277 ms</span>
              </div> <!-- test-method -->
            </div> <!-- chronological-class -->
            <div class="chronological-class">
              <div class="chronological-class-name">api.tests.AccountsTest</div> <!-- chronological-class-name -->
              <div class="test-method">
                <span class="method-name">getAccountsShouldReturnList</span>
                <span class="method-start">179095 ms</span>
              </div> <!-- test-method -->
              <div class="configuration-class before">
                <span class="method-name">setup</span>
                <span class="method-start">179095 ms</span>
              </div> <!-- configuration-class before -->
          </div> <!-- main-panel-content rounded-window-bottom -->
        </div> <!-- panel -->
      </div> <!-- main-panel-root -->
    </div> <!-- wrapper -->
  </body>
<script type="text/javascript" src="testng-reports2.js"></script>
</html>
